#
# There is insufficient memory for the Java Runtime Environment to continue.
# Native memory allocation (malloc) failed to allocate 49807360 bytes for committing reserved memory.
# Possible reasons:
#   The system is out of physical RAM or swap space
#   In 32 bit mode, the process size limit was hit
# Possible solutions:
#   Reduce memory load on the system
#   Increase physical memory or swap space
#   Check if swap backing store is full
#   Use 64 bit Java on a 64 bit OS
#   Decrease Java heap size (-Xmx/-Xms)
#   Decrease number of Java threads
#   Decrease Java thread stack sizes (-Xss)
#   Set larger code cache with -XX:ReservedCodeCacheSize=
# This output file may be truncated or incomplete.
#
#  Out of Memory Error (os_linux.cpp:2745), pid=6582, tid=140384659281664
#
# JRE version: Java(TM) SE Runtime Environment (7.0_67-b01) (build 1.7.0_67-b01)
# Java VM: Java HotSpot(TM) 64-Bit Server VM (24.65-b04 mixed mode linux-amd64 compressed oops)
# Failed to write core dump. Core dumps have been disabled. To enable core dumping, try "ulimit -c unlimited" before starting Java again
#

---------------  T H R E A D  ---------------

Current thread (0x00007fade4069800):  VMThread [stack: 0x00007fadd9af9000,0x00007fadd9bfa000] [id=6595]

Stack: [0x00007fadd9af9000,0x00007fadd9bfa000],  sp=0x00007fadd9bf81d0,  free space=1020k
Native frames: (J=compiled Java code, j=interpreted, Vv=VM code, C=native code)
V  [libjvm.so+0x99eb8a]  VMError::report_and_die()+0x2ea
V  [libjvm.so+0x49721b]  report_vm_out_of_memory(char const*, int, unsigned long, char const*)+0x9b
V  [libjvm.so+0x81d9ae]  os::Linux::commit_memory_impl(char*, unsigned long, bool)+0xfe
V  [libjvm.so+0x81def9]  os::pd_commit_memory(char*, unsigned long, unsigned long, bool)+0x29
V  [libjvm.so+0x817caa]  os::commit_memory(char*, unsigned long, unsigned long, bool)+0x2a
V  [libjvm.so+0x88a7a3]  PSVirtualSpace::expand_by(unsigned long)+0x53
V  [libjvm.so+0x88bb78]  PSYoungGen::resize_generation(unsigned long, unsigned long)+0xf8
V  [libjvm.so+0x88ace2]  PSYoungGen::resize(unsigned long, unsigned long)+0x22
V  [libjvm.so+0x888133]  PSScavenge::invoke_no_policy()+0xfb3
V  [libjvm.so+0x8888e1]  PSScavenge::invoke()+0x41
V  [libjvm.so+0x83f510]  ParallelScavengeHeap::failed_mem_allocate(unsigned long)+0x70
V  [libjvm.so+0x9a0417]  VM_ParallelGCFailedAllocation::doit()+0x97
V  [libjvm.so+0x9a78b5]  VM_Operation::evaluate()+0x55
V  [libjvm.so+0x9a5c7a]  VMThread::evaluate_operation(VM_Operation*)+0xba
V  [libjvm.so+0x9a5ffe]  VMThread::loop()+0x1ce
V  [libjvm.so+0x9a6470]  VMThread::run()+0x70
V  [libjvm.so+0x81f988]  java_start(Thread*)+0x108

VM_Operation (0x00007fadaafac2d0): ParallelGCFailedAllocation, mode: safepoint, requested by thread 0x00007fade4225000


---------------  P R O C E S S  ---------------

Java Threads: ( => current thread )
  0x00007fad94015800 JavaThread "TimerQueue" daemon [_thread_blocked, id=6610, stack(0x00007fada9fd2000,0x00007fadaa0d3000)]
  0x00007fade400a000 JavaThread "DestroyJavaVM" [_thread_blocked, id=6588, stack(0x00007fadeb3d9000,0x00007fadeb4da000)]
  0x00007fade4225000 JavaThread "AWT-EventQueue-0" [_thread_blocked, id=6606, stack(0x00007fadaaeaf000,0x00007fadaafb0000)]
  0x00007fade4209000 JavaThread "AWT-Shutdown" [_thread_blocked, id=6605, stack(0x00007fadaafb0000,0x00007fadab0b1000)]
  0x00007fade4185800 JavaThread "AWT-XAWT" daemon [_thread_blocked, id=6604, stack(0x00007fadab0b1000,0x00007fadab1b2000)]
  0x00007fade4164800 JavaThread "Java2D Disposer" daemon [_thread_blocked, id=6603, stack(0x00007fadd8100000,0x00007fadd8201000)]
  0x00007fade4096800 JavaThread "Service Thread" daemon [_thread_blocked, id=6601, stack(0x00007fadd8f98000,0x00007fadd9099000)]
  0x00007fade4094800 JavaThread "C2 CompilerThread1" daemon [_thread_blocked, id=6600, stack(0x00007fadd9099000,0x00007fadd919a000)]
  0x00007fade4091800 JavaThread "C2 CompilerThread0" daemon [_thread_blocked, id=6599, stack(0x00007fadd919a000,0x00007fadd929b000)]
  0x00007fade4090000 JavaThread "Signal Dispatcher" daemon [_thread_blocked, id=6598, stack(0x00007fadd929b000,0x00007fadd939c000)]
  0x00007fade4070000 JavaThread "Finalizer" daemon [_thread_blocked, id=6597, stack(0x00007fadd98f7000,0x00007fadd99f8000)]
  0x00007fade406e000 JavaThread "Reference Handler" daemon [_thread_blocked, id=6596, stack(0x00007fadd99f8000,0x00007fadd9af9000)]

Other Threads:
=>0x00007fade4069800 VMThread [stack: 0x00007fadd9af9000,0x00007fadd9bfa000] [id=6595]
  0x00007fade40a1800 WatcherThread [stack: 0x00007fadd8e97000,0x00007fadd8f98000] [id=6602]

VM state:at safepoint (normal execution)

VM Mutex/Monitor currently owned by a thread:  ([mutex/lock_event])
[0x00007fade4006200] Threads_lock - owner thread: 0x00007fade4069800
[0x00007fade4006700] Heap_lock - owner thread: 0x00007fade4225000

Heap
 PSYoungGen      total 30208K, used 2048K [0x00000000ed200000, 0x00000000ef400000, 0x0000000100000000)
  eden space 28160K, 0% used [0x00000000ed200000,0x00000000ed200000,0x00000000eed80000)
  from space 2048K, 100% used [0x00000000ef000000,0x00000000ef200000,0x00000000ef200000)
  to   space 2048K, 0% used [0x00000000ef200000,0x00000000ef200000,0x00000000ef400000)
 ParOldGen       total 41984K, used 29850K [0x00000000c7600000, 0x00000000c9f00000, 0x00000000ed200000)
  object space 41984K, 71% used [0x00000000c7600000,0x00000000c9326970,0x00000000c9f00000)
 PSPermGen       total 27136K, used 13368K [0x00000000c2400000, 0x00000000c3e80000, 0x00000000c7600000)
  object space 27136K, 49% used [0x00000000c2400000,0x00000000c310e188,0x00000000c3e80000)

Card table byte_map: [0x00007fade84dd000,0x00007fade86cc000] byte_map_base: 0x00007fade7ecb000

Polling page: 0x00007fadeb4fb000

Code Cache  [0x00007fade1000000, 0x00007fade1270000, 0x00007fade4000000)
 total_blobs=617 nmethods=117 adapters=453 free_code_cache=48351Kb largest_free_block=49466432

Compilation events (10 events):
Event: 17.590 Thread 0x00007fade4094800 nmethod 113 0x00007fade10b12d0 code [0x00007fade10b1480, 0x00007fade10b17a8]
Event: 18.366 Thread 0x00007fade4091800  114             java.util.IdentityHashMap::clear (39 bytes)
Event: 18.369 Thread 0x00007fade4091800 nmethod 114 0x00007fade10ad310 code [0x00007fade10ad460, 0x00007fade10ad558]
Event: 19.582 Thread 0x00007fade4094800  115             java.awt.Toolkit$SelectiveAWTEventListener::eventDispatched (745 bytes)
Event: 19.653 Thread 0x00007fade4094800 nmethod 115 0x00007fade10c0050 code [0x00007fade10c0200, 0x00007fade10c08b8]
Event: 19.879 Thread 0x00007fade4091800  116   !         java.awt.Container::getMouseEventTargetImpl (255 bytes)
Event: 19.950 Thread 0x00007fade4091800 nmethod 116 0x00007fade10c17d0 code [0x00007fade10c19c0, 0x00007fade10c24b8]
Event: 20.211 Thread 0x00007fade4094800  117             sun.awt.X11.XWindow::handleMotionNotify (342 bytes)
Event: 20.307 Thread 0x00007fade4094800 nmethod 117 0x00007fade10cb3d0 code [0x00007fade10cb9a0, 0x00007fade10ce438]
Event: 21.579 Thread 0x00007fade4091800  118             sun.awt.image.IntegerInterleavedRaster::setDataElements (137 bytes)

GC Heap History (10 events):
Event: 6.887 GC heap after
Heap after GC invocations=1 (full 0):
 PSYoungGen      total 17408K, used 2033K [0x00000000ed200000, 0x00000000ee500000, 0x0000000100000000)
  eden space 15360K, 0% used [0x00000000ed200000,0x00000000ed200000,0x00000000ee100000)
  from space 2048K, 99% used [0x00000000ee100000,0x00000000ee2fc670,0x00000000ee300000)
  to   space 2048K, 0% used [0x00000000ee300000,0x00000000ee300000,0x00000000ee500000)
 ParOldGen       total 38400K, used 10439K [0x00000000c7600000, 0x00000000c9b80000, 0x00000000ed200000)
  object space 38400K, 27% used [0x00000000c7600000,0x00000000c8031ce0,0x00000000c9b80000)
 PSPermGen       total 21504K, used 12629K [0x00000000c2400000, 0x00000000c3900000, 0x00000000c7600000)
  object space 21504K, 58% used [0x00000000c2400000,0x00000000c3055538,0x00000000c3900000)
}
Event: 14.500 GC heap before
{Heap before GC invocations=2 (full 0):
 PSYoungGen      total 17408K, used 15790K [0x00000000ed200000, 0x00000000ee500000, 0x0000000100000000)
  eden space 15360K, 89% used [0x00000000ed200000,0x00000000edf6f2d8,0x00000000ee100000)
  from space 2048K, 99% used [0x00000000ee100000,0x00000000ee2fc670,0x00000000ee300000)
  to   space 2048K, 0% used [0x00000000ee300000,0x00000000ee300000,0x00000000ee500000)
 ParOldGen       total 38400K, used 10439K [0x00000000c7600000, 0x00000000c9b80000, 0x00000000ed200000)
  object space 38400K, 27% used [0x00000000c7600000,0x00000000c8031ce0,0x00000000c9b80000)
 PSPermGen       total 21504K, used 13343K [0x00000000c2400000, 0x00000000c3900000, 0x00000000c7600000)
  object space 21504K, 62% used [0x00000000c2400000,0x00000000c3107dd0,0x00000000c3900000)
Event: 14.518 GC heap after
Heap after GC invocations=2 (full 0):
 PSYoungGen      total 17408K, used 2035K [0x00000000ed200000, 0x00000000ee500000, 0x0000000100000000)
  eden space 15360K, 0% used [0x00000000ed200000,0x00000000ed200000,0x00000000ee100000)
  from space 2048K, 99% used [0x00000000ee300000,0x00000000ee4fceb0,0x00000000ee500000)
  to   space 2048K, 0% used [0x00000000ee100000,0x00000000ee100000,0x00000000ee300000)
 ParOldGen       total 38400K, used 20975K [0x00000000c7600000, 0x00000000c9b80000, 0x00000000ed200000)
  object space 38400K, 54% used [0x00000000c7600000,0x00000000c8a7bf28,0x00000000c9b80000)
 PSPermGen       total 21504K, used 13343K [0x00000000c2400000, 0x00000000c3900000, 0x00000000c7600000)
  object space 21504K, 62% used [0x00000000c2400000,0x00000000c3107dd0,0x00000000c3900000)
}
Event: 14.733 GC heap before
{Heap before GC invocations=3 (full 0):
 PSYoungGen      total 17408K, used 17395K [0x00000000ed200000, 0x00000000ee500000, 0x0000000100000000)
  eden space 15360K, 100% used [0x00000000ed200000,0x00000000ee100000,0x00000000ee100000)
  from space 2048K, 99% used [0x00000000ee300000,0x00000000ee4fceb0,0x00000000ee500000)
  to   space 2048K, 0% used [0x00000000ee100000,0x00000000ee100000,0x00000000ee300000)
 ParOldGen       total 38400K, used 20975K [0x00000000c7600000, 0x00000000c9b80000, 0x00000000ed200000)
  object space 38400K, 54% used [0x00000000c7600000,0x00000000c8a7bf28,0x00000000c9b80000)
 PSPermGen       total 21504K, used 13355K [0x00000000c2400000, 0x00000000c3900000, 0x00000000c7600000)
  object space 21504K, 62% used [0x00000000c2400000,0x00000000c310ae00,0x00000000c3900000)
Event: 14.765 GC heap after
Heap after GC invocations=3 (full 0):
 PSYoungGen      total 17408K, used 2035K [0x00000000ed200000, 0x00000000ef400000, 0x0000000100000000)
  eden space 15360K, 0% used [0x00000000ed200000,0x00000000ed200000,0x00000000ee100000)
  from space 2048K, 99% used [0x00000000ee100000,0x00000000ee2fced0,0x00000000ee300000)
  to   space 2048K, 0% used [0x00000000ef200000,0x00000000ef200000,0x00000000ef400000)
 ParOldGen       total 38400K, used 28694K [0x00000000c7600000, 0x00000000c9b80000, 0x00000000ed200000)
  object space 38400K, 74% used [0x00000000c7600000,0x00000000c9205968,0x00000000c9b80000)
 PSPermGen       total 21504K, used 13355K [0x00000000c2400000, 0x00000000c3900000, 0x00000000c7600000)
  object space 21504K, 62% used [0x00000000c2400000,0x00000000c310ae00,0x00000000c3900000)
}
Event: 14.765 GC heap before
{Heap before GC invocations=4 (full 1):
 PSYoungGen      total 17408K, used 2035K [0x00000000ed200000, 0x00000000ef400000, 0x0000000100000000)
  eden space 15360K, 0% used [0x00000000ed200000,0x00000000ed200000,0x00000000ee100000)
  from space 2048K, 99% used [0x00000000ee100000,0x00000000ee2fced0,0x00000000ee300000)
  to   space 2048K, 0% used [0x00000000ef200000,0x00000000ef200000,0x00000000ef400000)
 ParOldGen       total 38400K, used 28694K [0x00000000c7600000, 0x00000000c9b80000, 0x00000000ed200000)
  object space 38400K, 74% used [0x00000000c7600000,0x00000000c9205968,0x00000000c9b80000)
 PSPermGen       total 21504K, used 13355K [0x00000000c2400000, 0x00000000c3900000, 0x00000000c7600000)
  object space 21504K, 62% used [0x00000000c2400000,0x00000000c310ae00,0x00000000c3900000)
Event: 14.870 GC heap after
Heap after GC invocations=4 (full 1):
 PSYoungGen      total 17408K, used 0K [0x00000000ed200000, 0x00000000ef400000, 0x0000000100000000)
  eden space 15360K, 0% used [0x00000000ed200000,0x00000000ed200000,0x00000000ee100000)
  from space 2048K, 0% used [0x00000000ee100000,0x00000000ee100000,0x00000000ee300000)
  to   space 2048K, 0% used [0x00000000ef200000,0x00000000ef200000,0x00000000ef400000)
 ParOldGen       total 41984K, used 12445K [0x00000000c7600000, 0x00000000c9f00000, 0x00000000ed200000)
  object space 41984K, 29% used [0x00000000c7600000,0x00000000c82275c0,0x00000000c9f00000)
 PSPermGen       total 27136K, used 13350K [0x00000000c2400000, 0x00000000c3e80000, 0x00000000c7600000)
  object space 27136K, 49% used [0x00000000c2400000,0x00000000c3109b10,0x00000000c3e80000)
}
Event: 17.557 GC heap before
{Heap before GC invocations=5 (full 1):
 PSYoungGen      total 17408K, used 14608K [0x00000000ed200000, 0x00000000ef400000, 0x0000000100000000)
  eden space 15360K, 95% used [0x00000000ed200000,0x00000000ee044218,0x00000000ee100000)
  from space 2048K, 0% used [0x00000000ee100000,0x00000000ee100000,0x00000000ee300000)
  to   space 2048K, 0% used [0x00000000ef200000,0x00000000ef200000,0x00000000ef400000)
 ParOldGen       total 41984K, used 12445K [0x00000000c7600000, 0x00000000c9f00000, 0x00000000ed200000)
  object space 41984K, 29% used [0x00000000c7600000,0x00000000c82275c0,0x00000000c9f00000)
 PSPermGen       total 27136K, used 13361K [0x00000000c2400000, 0x00000000c3e80000, 0x00000000c7600000)
  object space 27136K, 49% used [0x00000000c2400000,0x00000000c310c560,0x00000000c3e80000)
Event: 17.585 GC heap after
Heap after GC invocations=5 (full 1):
 PSYoungGen      total 30208K, used 2048K [0x00000000ed200000, 0x00000000ef400000, 0x0000000100000000)
  eden space 28160K, 0% used [0x00000000ed200000,0x00000000ed200000,0x00000000eed80000)
  from space 2048K, 100% used [0x00000000ef200000,0x00000000ef400000,0x00000000ef400000)
  to   space 2048K, 0% used [0x00000000ef000000,0x00000000ef000000,0x00000000ef200000)
 ParOldGen       total 41984K, used 24821K [0x00000000c7600000, 0x00000000c9f00000, 0x00000000ed200000)
  object space 41984K, 59% used [0x00000000c7600000,0x00000000c8e3d5c0,0x00000000c9f00000)
 PSPermGen       total 27136K, used 13361K [0x00000000c2400000, 0x00000000c3e80000, 0x00000000c7600000)
  object space 27136K, 49% used [0x00000000c2400000,0x00000000c310c560,0x00000000c3e80000)
}
Event: 21.605 GC heap before
{Heap before GC invocations=6 (full 1):
 PSYoungGen      total 30208K, used 30208K [0x00000000ed200000, 0x00000000ef400000, 0x0000000100000000)
  eden space 28160K, 100% used [0x00000000ed200000,0x00000000eed80000,0x00000000eed80000)
  from space 2048K, 100% used [0x00000000ef200000,0x00000000ef400000,0x00000000ef400000)
  to   space 2048K, 0% used [0x00000000ef000000,0x00000000ef000000,0x00000000ef200000)
 ParOldGen       total 41984K, used 24821K [0x00000000c7600000, 0x00000000c9f00000, 0x00000000ed200000)
  object space 41984K, 59% used [0x00000000c7600000,0x00000000c8e3d5c0,0x00000000c9f00000)
 PSPermGen       total 27136K, used 13368K [0x00000000c2400000, 0x00000000c3e80000, 0x00000000c7600000)
  object space 27136K, 49% used [0x00000000c2400000,0x00000000c310e188,0x00000000c3e80000)

Deoptimization events (9 events):
Event: 0.458 Thread 0x00007fade400a000 Uncommon trap: reason=class_check action=maybe_recompile pc=0x00007fade1082914 method=java.util.Properties$LineReader.readLine()I @ 62
Event: 0.460 Thread 0x00007fade400a000 Uncommon trap: reason=class_check action=maybe_recompile pc=0x00007fade1082914 method=java.util.Properties$LineReader.readLine()I @ 62
Event: 0.461 Thread 0x00007fade400a000 Uncommon trap: reason=class_check action=maybe_recompile pc=0x00007fade1082914 method=java.util.Properties$LineReader.readLine()I @ 62
Event: 0.462 Thread 0x00007fade400a000 Uncommon trap: reason=class_check action=maybe_recompile pc=0x00007fade1082914 method=java.util.Properties$LineReader.readLine()I @ 62
Event: 1.808 Thread 0x00007fade4225000 Uncommon trap: reason=class_check action=maybe_recompile pc=0x00007fade10768d4 method=java.lang.String.equals(Ljava/lang/Object;)Z @ 8
Event: 1.808 Thread 0x00007fade4225000 Uncommon trap: reason=class_check action=maybe_recompile pc=0x00007fade10768d4 method=java.lang.String.equals(Ljava/lang/Object;)Z @ 8
Event: 2.518 Thread 0x00007fade4225000 Uncommon trap: reason=class_check action=maybe_recompile pc=0x00007fade10768d4 method=java.lang.String.equals(Ljava/lang/Object;)Z @ 8
Event: 2.518 Thread 0x00007fade4225000 Uncommon trap: reason=class_check action=maybe_recompile pc=0x00007fade10768d4 method=java.lang.String.equals(Ljava/lang/Object;)Z @ 8
Event: 14.637 Thread 0x00007fade4225000 Uncommon trap: reason=range_check action=make_not_entrant pc=0x00007fade10b379c method=java.awt.image.DirectColorModel.getsRGBComponentFromsRGB(II)I @ 6

Internal exceptions (10 events):
Event: 6.919 Thread 0x00007fade4225000 Threw 0x00000000ed790c90 at /HUDSON/workspace/7u-2-build-linux-amd64/jdk7u67/1368/hotspot/src/share/vm/prims/jvm.cpp:1244
Event: 9.235 Thread 0x00007fade4225000 Threw 0x00000000edcfb708 at /HUDSON/workspace/7u-2-build-linux-amd64/jdk7u67/1368/hotspot/src/share/vm/prims/jvm.cpp:1244
Event: 9.259 Thread 0x00007fade4225000 Threw 0x00000000eddeb0c8 at /HUDSON/workspace/7u-2-build-linux-amd64/jdk7u67/1368/hotspot/src/share/vm/prims/jvm.cpp:1244
Event: 9.260 Thread 0x00007fade4225000 Threw 0x00000000eddee8a8 at /HUDSON/workspace/7u-2-build-linux-amd64/jdk7u67/1368/hotspot/src/share/vm/prims/jvm.cpp:1244
Event: 9.261 Thread 0x00007fade4225000 Threw 0x00000000eddf2168 at /HUDSON/workspace/7u-2-build-linux-amd64/jdk7u67/1368/hotspot/src/share/vm/prims/jvm.cpp:1244
Event: 9.261 Thread 0x00007fade4225000 Threw 0x00000000eddf4ef8 at /HUDSON/workspace/7u-2-build-linux-amd64/jdk7u67/1368/hotspot/src/share/vm/prims/jvm.cpp:1244
Event: 12.131 Thread 0x00007fade4225000 Threw 0x00000000edea15d8 at /HUDSON/workspace/7u-2-build-linux-amd64/jdk7u67/1368/hotspot/src/share/vm/prims/jni.cpp:743
Event: 12.273 Thread 0x00007fade4225000 Threw 0x00000000edee6d60 at /HUDSON/workspace/7u-2-build-linux-amd64/jdk7u67/1368/hotspot/src/share/vm/prims/jni.cpp:743
Event: 13.446 Thread 0x00007fade4225000 Threw 0x00000000edf2c9c0 at /HUDSON/workspace/7u-2-build-linux-amd64/jdk7u67/1368/hotspot/src/share/vm/prims/jvm.cpp:1244
Event: 14.968 Thread 0x00007fade4225000 Threw 0x00000000edff5c48 at /HUDSON/workspace/7u-2-build-linux-amd64/jdk7u67/1368/hotspot/src/share/vm/interpreter/linkResolver.cpp:883

Events (10 events):
Event: 15.009 Executing VM operation: RevokeBias done
Event: 15.009 Executing VM operation: RevokeBias
Event: 15.009 Executing VM operation: RevokeBias done
Event: 15.013 Executing VM operation: RevokeBias
Event: 15.013 Executing VM operation: RevokeBias done
Event: 15.119 Executing VM operation: BulkRevokeBias
Event: 15.119 Executing VM operation: BulkRevokeBias done
Event: 17.556 Executing VM operation: ParallelGCFailedAllocation
Event: 17.585 Executing VM operation: ParallelGCFailedAllocation done
Event: 21.598 Executing VM operation: ParallelGCFailedAllocation


Dynamic libraries:
00400000-00401000 r-xp 00000000 08:07 1449793                            /home/allenxyz/Desktop/eecs285/jdk1.7.0_67/bin/java
00600000-00601000 rw-p 00000000 08:07 1449793                            /home/allenxyz/Desktop/eecs285/jdk1.7.0_67/bin/java
00747000-00768000 rw-p 00000000 00:00 0                                  [heap]
c2400000-c3e80000 rw-p 00000000 00:00 0 
c3e80000-c7600000 rw-p 00000000 00:00 0 
c7600000-c9f00000 rw-p 00000000 00:00 0 
c9f00000-ed200000 rw-p 00000000 00:00 0 
ed200000-ef400000 rw-p 00000000 00:00 0 
f2380000-100000000 rw-p 00000000 00:00 0 
7fad48000000-7fad48022000 rw-p 00000000 00:00 0 
7fad48022000-7fad4c000000 ---p 00000000 00:00 0 
7fad50000000-7fad50022000 rw-p 00000000 00:00 0 
7fad50022000-7fad54000000 ---p 00000000 00:00 0 
7fad54000000-7fad54022000 rw-p 00000000 00:00 0 
7fad54022000-7fad58000000 ---p 00000000 00:00 0 
7fad58000000-7fad58022000 rw-p 00000000 00:00 0 
7fad58022000-7fad5c000000 ---p 00000000 00:00 0 
7fad5c000000-7fad5c022000 rw-p 00000000 00:00 0 
7fad5c022000-7fad60000000 ---p 00000000 00:00 0 
7fad60000000-7fad60022000 rw-p 00000000 00:00 0 
7fad60022000-7fad64000000 ---p 00000000 00:00 0 
7fad64000000-7fad64022000 rw-p 00000000 00:00 0 
7fad64022000-7fad68000000 ---p 00000000 00:00 0 
7fad68000000-7fad68022000 rw-p 00000000 00:00 0 
7fad68022000-7fad6c000000 ---p 00000000 00:00 0 
7fad6d7fb000-7fad6d7fc000 ---p 00000000 00:00 0 
7fad6d7fc000-7fad6dffc000 rw-p 00000000 00:00 0 
7fad6e7fd000-7fad6e7fe000 ---p 00000000 00:00 0 
7fad6e7fe000-7fad6effe000 rw-p 00000000 00:00 0 
7fad6effe000-7fad6efff000 ---p 00000000 00:00 0 
7fad6efff000-7fad6f7ff000 rw-p 00000000 00:00 0                          [stack:6627]
7fad70000000-7fad70022000 rw-p 00000000 00:00 0 
7fad70022000-7fad74000000 ---p 00000000 00:00 0 
7fad759ff000-7fad75cbb000 rw-s 00000000 00:04 68124793                   /SYSV00000000 (deleted)
7fad75cbb000-7fad75cf5000 r-xp 00000000 08:07 2759282                    /home/allenxyz/Desktop/eecs285/jdk1.7.0_67/jre/lib/amd64/libjpeg.so
7fad75cf5000-7fad75ef5000 ---p 0003a000 08:07 2759282                    /home/allenxyz/Desktop/eecs285/jdk1.7.0_67/jre/lib/amd64/libjpeg.so
7fad75ef5000-7fad75ef6000 rw-p 0003a000 08:07 2759282                    /home/allenxyz/Desktop/eecs285/jdk1.7.0_67/jre/lib/amd64/libjpeg.so
7fad75ef6000-7fad75ff6000 rw-s 00000000 00:04 68059258                   /SYSV00000000 (deleted)
7fad75ff6000-7fad75ffd000 r-xp 00000000 08:05 396062                     /usr/lib/x86_64-linux-gnu/gtk-2.0/2.10.0/immodules/im-xim.so
7fad75ffd000-7fad761fc000 ---p 00007000 08:05 396062                     /usr/lib/x86_64-linux-gnu/gtk-2.0/2.10.0/immodules/im-xim.so
7fad761fc000-7fad761fd000 r--p 00006000 08:05 396062                     /usr/lib/x86_64-linux-gnu/gtk-2.0/2.10.0/immodules/im-xim.so
7fad761fd000-7fad761fe000 rw-p 00007000 08:05 396062                     /usr/lib/x86_64-linux-gnu/gtk-2.0/2.10.0/immodules/im-xim.so
7fad761fe000-7fad7621f000 r-xp 00000000 08:05 267332                     /lib/x86_64-linux-gnu/liblzma.so.5.0.0
7fad7621f000-7fad7641e000 ---p 00021000 08:05 267332                     /lib/x86_64-linux-gnu/liblzma.so.5.0.0
7fad7641e000-7fad7641f000 r--p 00020000 08:05 267332                     /lib/x86_64-linux-gnu/liblzma.so.5.0.0
7fad7641f000-7fad76420000 rw-p 00021000 08:05 267332                     /lib/x86_64-linux-gnu/liblzma.so.5.0.0
7fad76420000-7fad7657c000 r-xp 00000000 08:05 18937                      /usr/lib/x86_64-linux-gnu/libxml2.so.2.9.1
7fad7657c000-7fad7677b000 ---p 0015c000 08:05 18937                      /usr/lib/x86_64-linux-gnu/libxml2.so.2.9.1
7fad7677b000-7fad76783000 r--p 0015b000 08:05 18937                      /usr/lib/x86_64-linux-gnu/libxml2.so.2.9.1
7fad76783000-7fad76785000 rw-p 00163000 08:05 18937                      /usr/lib/x86_64-linux-gnu/libxml2.so.2.9.1
7fad76785000-7fad76786000 rw-p 00000000 00:00 0 
7fad76786000-7fad767bd000 r-xp 00000000 08:05 10248                      /usr/lib/x86_64-linux-gnu/libcroco-0.6.so.3.0.1
7fad767bd000-7fad769bd000 ---p 00037000 08:05 10248                      /usr/lib/x86_64-linux-gnu/libcroco-0.6.so.3.0.1
7fad769bd000-7fad769c0000 r--p 00037000 08:05 10248                      /usr/lib/x86_64-linux-gnu/libcroco-0.6.so.3.0.1
7fad769c0000-7fad769c1000 rw-p 0003a000 08:05 10248                      /usr/lib/x86_64-linux-gnu/libcroco-0.6.so.3.0.1
7fad769c1000-7fad769f5000 r-xp 00000000 08:05 9150                       /usr/lib/x86_64-linux-gnu/librsvg-2.so.2.36.4
7fad769f5000-7fad76bf4000 ---p 00034000 08:05 9150                       /usr/lib/x86_64-linux-gnu/librsvg-2.so.2.36.4
7fad76bf4000-7fad76bf5000 r--p 00033000 08:05 9150                       /usr/lib/x86_64-linux-gnu/librsvg-2.so.2.36.4
7fad76bf5000-7fad76bf6000 rw-p 00034000 08:05 9150                       /usr/lib/x86_64-linux-gnu/librsvg-2.so.2.36.4
7fad76bf6000-7fad76bf8000 r-xp 00000000 08:05 395891                     /usr/lib/x86_64-linux-gnu/gdk-pixbuf-2.0/2.10.0/loaders/libpixbufloader-svg.so
7fad76bf8000-7fad76df7000 ---p 00002000 08:05 395891                     /usr/lib/x86_64-linux-gnu/gdk-pixbuf-2.0/2.10.0/loaders/libpixbufloader-svg.so
7fad76df7000-7fad76df8000 r--p 00001000 08:05 395891                     /usr/lib/x86_64-linux-gnu/gdk-pixbuf-2.0/2.10.0/loaders/libpixbufloader-svg.so
7fad76df8000-7fad76df9000 rw-p 00002000 08:05 395891                     /usr/lib/x86_64-linux-gnu/gdk-pixbuf-2.0/2.10.0/loaders/libpixbufloader-svg.so
7fad76df9000-7fad7c000000 r--p 00000000 08:05 397216                     /usr/share/icons/gnome/icon-theme.cache
7fad7c000000-7fad7c021000 rw-p 00000000 00:00 0 
7fad7c021000-7fad80000000 ---p 00000000 00:00 0 
7fad80000000-7fad80022000 rw-p 00000000 00:00 0 
7fad80022000-7fad84000000 ---p 00000000 00:00 0 
7fad84000000-7fad84021000 rw-p 00000000 00:00 0 
7fad84021000-7fad88000000 ---p 00000000 00:00 0 
7fad8809c000-7fad880fc000 rw-s 00000000 00:04 67960956                   /SYSV00000000 (deleted)
7fad880fc000-7fad881a5000 r--p 00000000 08:05 658594                     /usr/share/fonts/truetype/dejavu/DejaVuSans-Bold.ttf
7fad881a5000-7fad881a6000 ---p 00000000 00:00 0 
7fad881a6000-7fad889a6000 rw-p 00000000 00:00 0 
7fad889a6000-7fad889a7000 ---p 00000000 00:00 0 
7fad889a7000-7fad891a7000 rw-p 00000000 00:00 0 
7fad891a7000-7fad8affe000 r--p 00000000 08:05 416639                     /usr/share/icons/hicolor/icon-theme.cache
7fad8affe000-7fad8afff000 ---p 00000000 00:00 0 
7fad8afff000-7fad8b7ff000 rw-p 00000000 00:00 0                          [stack:6615]
7fad8b7ff000-7fad8b800000 ---p 00000000 00:00 0 
7fad8b800000-7fad8c000000 rw-p 00000000 00:00 0                          [stack:6614]
7fad8c000000-7fad8c366000 rw-p 00000000 00:00 0 
7fad8c366000-7fad90000000 ---p 00000000 00:00 0 
7fad90049000-7fad900fe000 r--p 00000000 08:05 658598                     /usr/share/fonts/truetype/dejavu/DejaVuSans.ttf
7fad900fe000-7fad90102000 r-xp 00000000 08:05 396004                     /usr/lib/x86_64-linux-gnu/gdk-pixbuf-2.0/2.10.0/loaders/libpixbufloader-png.so
7fad90102000-7fad90302000 ---p 00004000 08:05 396004                     /usr/lib/x86_64-linux-gnu/gdk-pixbuf-2.0/2.10.0/loaders/libpixbufloader-png.so
7fad90302000-7fad90303000 r--p 00004000 08:05 396004                     /usr/lib/x86_64-linux-gnu/gdk-pixbuf-2.0/2.10.0/loaders/libpixbufloader-png.so
7fad90303000-7fad90304000 rw-p 00005000 08:05 396004                     /usr/lib/x86_64-linux-gnu/gdk-pixbuf-2.0/2.10.0/loaders/libpixbufloader-png.so
7fad90304000-7fad9031d000 r-xp 00000000 08:05 396020                     /usr/lib/x86_64-linux-gnu/gio/modules/libgioremote-volume-monitor.so
7fad9031d000-7fad9051d000 ---p 00019000 08:05 396020                     /usr/lib/x86_64-linux-gnu/gio/modules/libgioremote-volume-monitor.so
7fad9051d000-7fad90520000 r--p 00019000 08:05 396020                     /usr/lib/x86_64-linux-gnu/gio/modules/libgioremote-volume-monitor.so
7fad90520000-7fad90521000 rw-p 0001c000 08:05 396020                     /usr/lib/x86_64-linux-gnu/gio/modules/libgioremote-volume-monitor.so
7fad90521000-7fad90531000 r-xp 00000000 08:05 267427                     /lib/x86_64-linux-gnu/libudev.so.1.3.5
7fad90531000-7fad90730000 ---p 00010000 08:05 267427                     /lib/x86_64-linux-gnu/libudev.so.1.3.5
7fad90730000-7fad90731000 r--p 0000f000 08:05 267427                     /lib/x86_64-linux-gnu/libudev.so.1.3.5
7fad90731000-7fad90732000 rw-p 00010000 08:05 267427                     /lib/x86_64-linux-gnu/libudev.so.1.3.5
7fad90732000-7fad90766000 r-xp 00000000 08:05 271373                     /usr/lib/x86_64-linux-gnu/gvfs/libgvfscommon.so
7fad90766000-7fad90966000 ---p 00034000 08:05 271373                     /usr/lib/x86_64-linux-gnu/gvfs/libgvfscommon.so
7fad90966000-7fad9096b000 r--p 00034000 08:05 271373                     /usr/lib/x86_64-linux-gnu/gvfs/libgvfscommon.so
7fad9096b000-7fad9096c000 rw-p 00039000 08:05 271373                     /usr/lib/x86_64-linux-gnu/gvfs/libgvfscommon.so
7fad9096c000-7fad9099b000 r-xp 00000000 08:05 396021                     /usr/lib/x86_64-linux-gnu/gio/modules/libgvfsdbus.so
7fad9099b000-7fad90b9b000 ---p 0002f000 08:05 396021                     /usr/lib/x86_64-linux-gnu/gio/modules/libgvfsdbus.so
7fad90b9b000-7fad90b9c000 r--p 0002f000 08:05 396021                     /usr/lib/x86_64-linux-gnu/gio/modules/libgvfsdbus.so
7fad90b9c000-7fad90b9d000 rw-p 00030000 08:05 396021                     /usr/lib/x86_64-linux-gnu/gio/modules/libgvfsdbus.so
7fad90b9d000-7fad90b9e000 rw-p 00000000 00:00 0 
7fad90b9e000-7fad90ba7000 r-xp 00000000 08:05 396049                     /usr/lib/x86_64-linux-gnu/gtk-2.0/2.10.0/engines/libpixmap.so
7fad90ba7000-7fad90da7000 ---p 00009000 08:05 396049                     /usr/lib/x86_64-linux-gnu/gtk-2.0/2.10.0/engines/libpixmap.so
7fad90da7000-7fad90da8000 r--p 00009000 08:05 396049                     /usr/lib/x86_64-linux-gnu/gtk-2.0/2.10.0/engines/libpixmap.so
7fad90da8000-7fad90da9000 rw-p 0000a000 08:05 396049                     /usr/lib/x86_64-linux-gnu/gtk-2.0/2.10.0/engines/libpixmap.so
7fad90da9000-7fad90dd8000 r-xp 00000000 08:05 396048                     /usr/lib/x86_64-linux-gnu/gtk-2.0/2.10.0/engines/libmurrine.so
7fad90dd8000-7fad90fd8000 ---p 0002f000 08:05 396048                     /usr/lib/x86_64-linux-gnu/gtk-2.0/2.10.0/engines/libmurrine.so
7fad90fd8000-7fad90fd9000 r--p 0002f000 08:05 396048                     /usr/lib/x86_64-linux-gnu/gtk-2.0/2.10.0/engines/libmurrine.so
7fad90fd9000-7fad90fda000 rw-p 00030000 08:05 396048                     /usr/lib/x86_64-linux-gnu/gtk-2.0/2.10.0/engines/libmurrine.so
7fad90fda000-7fad90fdb000 r-xp 00000000 08:05 736                        /usr/lib/x86_64-linux-gnu/libgthread-2.0.so.0.3800.1
7fad90fdb000-7fad911da000 ---p 00001000 08:05 736                        /usr/lib/x86_64-linux-gnu/libgthread-2.0.so.0.3800.1
7fad911da000-7fad911db000 r--p 00000000 08:05 736                        /usr/lib/x86_64-linux-gnu/libgthread-2.0.so.0.3800.1
7fad911db000-7fad911dc000 rw-p 00001000 08:05 736                        /usr/lib/x86_64-linux-gnu/libgthread-2.0.so.0.3800.1
7fad911dc000-7fad911e2000 r-xp 00000000 08:05 10266                      /usr/lib/x86_64-linux-gnu/libdatrie.so.1.2.0
7fad911e2000-7fad913e1000 ---p 00006000 08:05 10266                      /usr/lib/x86_64-linux-gnu/libdatrie.so.1.2.0
7fad913e1000-7fad913e2000 r--p 00005000 08:05 10266                      /usr/lib/x86_64-linux-gnu/libdatrie.so.1.2.0
7fad913e2000-7fad913e3000 rw-p 00006000 08:05 10266                      /usr/lib/x86_64-linux-gnu/libdatrie.so.1.2.0
7fad913e3000-7fad913fb000 r-xp 00000000 08:05 10529                      /usr/lib/x86_64-linux-gnu/libgraphite2.so.3.0.1
7fad913fb000-7fad915fa000 ---p 00018000 08:05 10529                      /usr/lib/x86_64-linux-gnu/libgraphite2.so.3.0.1
7fad915fa000-7fad915fc000 r--p 00017000 08:05 10529                      /usr/lib/x86_64-linux-gnu/libgraphite2.so.3.0.1
7fad915fc000-7fad915fd000 rw-p 00019000 08:05 10529                      /usr/lib/x86_64-linux-gnu/libgraphite2.so.3.0.1
7fad915fd000-7fad9163a000 r-xp 00000000 08:05 267382                     /lib/x86_64-linux-gnu/libpcre.so.3.13.1
7fad9163a000-7fad9183a000 ---p 0003d000 08:05 267382                     /lib/x86_64-linux-gnu/libpcre.so.3.13.1
7fad9183a000-7fad9183b000 r--p 0003d000 08:05 267382                     /lib/x86_64-linux-gnu/libpcre.so.3.13.1
7fad9183b000-7fad9183c000 rw-p 0003e000 08:05 267382                     /lib/x86_64-linux-gnu/libpcre.so.3.13.1
7fad9183c000-7fad91843000 r-xp 00000000 08:05 10346                      /usr/lib/x86_64-linux-gnu/libffi.so.6.0.1
7fad91843000-7fad91a42000 ---p 00007000 08:05 10346                      /usr/lib/x86_64-linux-gnu/libffi.so.6.0.1
7fad91a42000-7fad91a43000 r--p 00006000 08:05 10346                      /usr/lib/x86_64-linux-gnu/libffi.so.6.0.1
7fad91a43000-7fad91a44000 rw-p 00007000 08:05 10346                      /usr/lib/x86_64-linux-gnu/libffi.so.6.0.1
7fad91a44000-7fad91a6b000 r-xp 00000000 08:05 267304                     /lib/x86_64-linux-gnu/libexpat.so.1.6.0
7fad91a6b000-7fad91c6b000 ---p 00027000 08:05 267304                     /lib/x86_64-linux-gnu/libexpat.so.1.6.0
7fad91c6b000-7fad91c6d000 r--p 00027000 08:05 267304                     /lib/x86_64-linux-gnu/libexpat.so.1.6.0
7fad91c6d000-7fad91c6e000 rw-p 00029000 08:05 267304                     /lib/x86_64-linux-gnu/libexpat.so.1.6.0
7fad91c6e000-7fad91c76000 r-xp 00000000 08:05 10999                      /usr/lib/x86_64-linux-gnu/libthai.so.0.2.0
7fad91c76000-7fad91e75000 ---p 00008000 08:05 10999                      /usr/lib/x86_64-linux-gnu/libthai.so.0.2.0
7fad91e75000-7fad91e76000 r--p 00007000 08:05 10999                      /usr/lib/x86_64-linux-gnu/libthai.so.0.2.0
7fad91e76000-7fad91e77000 rw-p 00008000 08:05 10999                      /usr/lib/x86_64-linux-gnu/libthai.so.0.2.0
7fad91e77000-7fad91ec7000 r-xp 00000000 08:05 10653                      /usr/lib/x86_64-linux-gnu/libharfbuzz.so.0.919.0
7fad91ec7000-7fad920c7000 ---p 00050000 08:05 10653                      /usr/lib/x86_64-linux-gnu/libharfbuzz.so.0.919.0
7fad920c7000-7fad920c8000 r--p 00050000 08:05 10653                      /usr/lib/x86_64-linux-gnu/libharfbuzz.so.0.919.0
7fad920c8000-7fad920c9000 rw-p 00051000 08:05 10653                      /usr/lib/x86_64-linux-gnu/libharfbuzz.so.0.919.0
7fad920c9000-7fad920df000 r-xp 00000000 08:05 267405                     /lib/x86_64-linux-gnu/libresolv-2.17.so
7fad920df000-7fad922df000 ---p 00016000 08:05 267405                     /lib/x86_64-linux-gnu/libresolv-2.17.so
7fad922df000-7fad922e0000 r--p 00016000 08:05 267405                     /lib/x86_64-linux-gnu/libresolv-2.17.so
7fad922e0000-7fad922e1000 rw-p 00017000 08:05 267405                     /lib/x86_64-linux-gnu/libresolv-2.17.so
7fad922e1000-7fad922e3000 rw-p 00000000 00:00 0 
7fad922e3000-7fad92302000 r-xp 00000000 08:05 267409                     /lib/x86_64-linux-gnu/libselinux.so.1
7fad92302000-7fad92502000 ---p 0001f000 08:05 267409                     /lib/x86_64-linux-gnu/libselinux.so.1
7fad92502000-7fad92503000 r--p 0001f000 08:05 267409                     /lib/x86_64-linux-gnu/libselinux.so.1
7fad92503000-7fad92504000 rw-p 00020000 08:05 267409                     /lib/x86_64-linux-gnu/libselinux.so.1
7fad92504000-7fad92505000 rw-p 00000000 00:00 0 
7fad92505000-7fad9251d000 r-xp 00000000 08:05 267442                     /lib/x86_64-linux-gnu/libz.so.1.2.8
7fad9251d000-7fad9271c000 ---p 00018000 08:05 267442                     /lib/x86_64-linux-gnu/libz.so.1.2.8
7fad9271c000-7fad9271d000 r--p 00017000 08:05 267442                     /lib/x86_64-linux-gnu/libz.so.1.2.8
7fad9271d000-7fad9271e000 rw-p 00018000 08:05 267442                     /lib/x86_64-linux-gnu/libz.so.1.2.8
7fad9271e000-7fad92726000 r-xp 00000000 08:05 11104                      /usr/lib/x86_64-linux-gnu/libxcb-render.so.0.0.0
7fad92726000-7fad92925000 ---p 00008000 08:05 11104                      /usr/lib/x86_64-linux-gnu/libxcb-render.so.0.0.0
7fad92925000-7fad92926000 r--p 00007000 08:05 11104                      /usr/lib/x86_64-linux-gnu/libxcb-render.so.0.0.0
7fad92926000-7fad92927000 rw-p 00008000 08:05 11104                      /usr/lib/x86_64-linux-gnu/libxcb-render.so.0.0.0
7fad92927000-7fad92929000 r-xp 00000000 08:05 11108                      /usr/lib/x86_64-linux-gnu/libxcb-shm.so.0.0.0
7fad92929000-7fad92b28000 ---p 00002000 08:05 11108                      /usr/lib/x86_64-linux-gnu/libxcb-shm.so.0.0.0
7fad92b28000-7fad92b29000 r--p 00001000 08:05 11108                      /usr/lib/x86_64-linux-gnu/libxcb-shm.so.0.0.0
7fad92b29000-7fad92b2a000 rw-p 00002000 08:05 11108                      /usr/lib/x86_64-linux-gnu/libxcb-shm.so.0.0.0
7fad92b2a000-7fad92b4f000 r-xp 00000000 08:05 267394                     /lib/x86_64-linux-gnu/libpng12.so.0.49.0
7fad92b4f000-7fad92d4e000 ---p 00025000 08:05 267394                     /lib/x86_64-linux-gnu/libpng12.so.0.49.0
7fad92d4e000-7fad92d4f000 r--p 00024000 08:05 267394                     /lib/x86_64-linux-gnu/libpng12.so.0.49.0
7fad92d4f000-7fad92d50000 rw-p 00025000 08:05 267394                     /lib/x86_64-linux-gnu/libpng12.so.0.49.0
7fad92d50000-7fad92df1000 r-xp 00000000 08:05 5389                       /usr/lib/x86_64-linux-gnu/libpixman-1.so.0.30.2
7fad92df1000-7fad92ff1000 ---p 000a1000 08:05 5389                       /usr/lib/x86_64-linux-gnu/libpixman-1.so.0.30.2
7fad92ff1000-7fad92ff8000 r--p 000a1000 08:05 5389                       /usr/lib/x86_64-linux-gnu/libpixman-1.so.0.30.2
7fad92ff8000-7fad92ff9000 rw-p 000a8000 08:05 5389                       /usr/lib/x86_64-linux-gnu/libpixman-1.so.0.30.2
7fad92ff9000-7fad93095000 r-xp 00000000 08:05 1138                       /usr/lib/x86_64-linux-gnu/libfreetype.so.6.10.1
7fad93095000-7fad93295000 ---p 0009c000 08:05 1138                       /usr/lib/x86_64-linux-gnu/libfreetype.so.6.10.1
7fad93295000-7fad9329a000 r--p 0009c000 08:05 1138                       /usr/lib/x86_64-linux-gnu/libfreetype.so.6.10.1
7fad9329a000-7fad9329b000 rw-p 000a1000 08:05 1138                       /usr/lib/x86_64-linux-gnu/libfreetype.so.6.10.1
7fad9329b000-7fad9329d000 r-xp 00000000 08:05 10075                      /usr/lib/x86_64-linux-gnu/libXdamage.so.1.1.0
7fad9329d000-7fad9349c000 ---p 00002000 08:05 10075                      /usr/lib/x86_64-linux-gnu/libXdamage.so.1.1.0
7fad9349c000-7fad9349d000 r--p 00001000 08:05 10075                      /usr/lib/x86_64-linux-gnu/libXdamage.so.1.1.0
7fad9349d000-7fad9349e000 rw-p 00002000 08:05 10075                      /usr/lib/x86_64-linux-gnu/libXdamage.so.1.1.0
7fad9349e000-7fad934a0000 r-xp 00000000 08:05 10071                      /usr/lib/x86_64-linux-gnu/libXcomposite.so.1.0.0
7fad934a0000-7fad9369f000 ---p 00002000 08:05 10071                      /usr/lib/x86_64-linux-gnu/libXcomposite.so.1.0.0
7fad9369f000-7fad936a0000 r--p 00001000 08:05 10071                      /usr/lib/x86_64-linux-gnu/libXcomposite.so.1.0.0
7fad936a0000-7fad936a1000 rw-p 00002000 08:05 10071                      /usr/lib/x86_64-linux-gnu/libXcomposite.so.1.0.0
7fad936a1000-7fad936aa000 r-xp 00000000 08:05 10097                      /usr/lib/x86_64-linux-gnu/libXrandr.so.2.2.0
7fad936aa000-7fad938a9000 ---p 00009000 08:05 10097                      /usr/lib/x86_64-linux-gnu/libXrandr.so.2.2.0
7fad938a9000-7fad938aa000 r--p 00008000 08:05 10097                      /usr/lib/x86_64-linux-gnu/libXrandr.so.2.2.0
7fad938aa000-7fad938ab000 rw-p 00009000 08:05 10097                      /usr/lib/x86_64-linux-gnu/libXrandr.so.2.2.0
7fad938ab000-7fad938ad000 r-xp 00000000 08:05 10089                      /usr/lib/x86_64-linux-gnu/libXinerama.so.1.0.0
7fad938ad000-7fad93aac000 ---p 00002000 08:05 10089                      /usr/lib/x86_64-linux-gnu/libXinerama.so.1.0.0
7fad93aac000-7fad93aad000 r--p 00001000 08:05 10089                      /usr/lib/x86_64-linux-gnu/libXinerama.so.1.0.0
7fad93aad000-7fad93aae000 rw-p 00002000 08:05 10089                      /usr/lib/x86_64-linux-gnu/libXinerama.so.1.0.0
7fad93aae000-7fad93bac000 r-xp 00000000 08:05 281263                     /lib/x86_64-linux-gnu/libglib-2.0.so.0.3800.1
7fad93bac000-7fad93dac000 ---p 000fe000 08:05 281263                     /lib/x86_64-linux-gnu/libglib-2.0.so.0.3800.1
7fad93dac000-7fad93dad000 r--p 000fe000 08:05 281263                     /lib/x86_64-linux-gnu/libglib-2.0.so.0.3800.1
7fad93dad000-7fad93dae000 rw-p 000ff000 08:05 281263                     /lib/x86_64-linux-gnu/libglib-2.0.so.0.3800.1
7fad93dae000-7fad93daf000 rw-p 00000000 00:00 0 
7fad93daf000-7fad93dfe000 r-xp 00000000 08:05 728                        /usr/lib/x86_64-linux-gnu/libgobject-2.0.so.0.3800.1
7fad93dfe000-7fad93ffe000 ---p 0004f000 08:05 728                        /usr/lib/x86_64-linux-gnu/libgobject-2.0.so.0.3800.1
7fad93ffe000-7fad93fff000 r--p 0004f000 08:05 728                        /usr/lib/x86_64-linux-gnu/libgobject-2.0.so.0.3800.1
7fad93fff000-7fad94000000 rw-p 00050000 08:05 728                        /usr/lib/x86_64-linux-gnu/libgobject-2.0.so.0.3800.1
7fad94000000-7fad940cd000 rw-p 00000000 00:00 0 
7fad940cd000-7fad98000000 ---p 00000000 00:00 0 
7fad98000000-7fad98021000 rw-p 00000000 00:00 0 
7fad98021000-7fad9c000000 ---p 00000000 00:00 0 
7fad9c000000-7fad9c021000 rw-p 00000000 00:00 0 
7fad9c021000-7fada0000000 ---p 00000000 00:00 0 
7fada0000000-7fada0021000 rw-p 00000000 00:00 0 
7fada0021000-7fada4000000 ---p 00000000 00:00 0 
7fada4000000-7fada4021000 rw-p 00000000 00:00 0 
7fada4021000-7fada8000000 ---p 00000000 00:00 0 
7fada8087000-7fada808a000 ---p 00000000 00:00 0 
7fada808a000-7fada8188000 rw-p 00000000 00:00 0 
7fada8188000-7fada81c1000 r-xp 00000000 08:05 10380                      /usr/lib/x86_64-linux-gnu/libfontconfig.so.1.7.0
7fada81c1000-7fada83c1000 ---p 00039000 08:05 10380                      /usr/lib/x86_64-linux-gnu/libfontconfig.so.1.7.0
7fada83c1000-7fada83c3000 r--p 00039000 08:05 10380                      /usr/lib/x86_64-linux-gnu/libfontconfig.so.1.7.0
7fada83c3000-7fada83c4000 rw-p 0003b000 08:05 10380                      /usr/lib/x86_64-linux-gnu/libfontconfig.so.1.7.0
7fada83c4000-7fada840e000 r-xp 00000000 08:05 10842                      /usr/lib/x86_64-linux-gnu/libpango-1.0.so.0.3200.5
7fada840e000-7fada860d000 ---p 0004a000 08:05 10842                      /usr/lib/x86_64-linux-gnu/libpango-1.0.so.0.3200.5
7fada860d000-7fada860f000 r--p 00049000 08:05 10842                      /usr/lib/x86_64-linux-gnu/libpango-1.0.so.0.3200.5
7fada860f000-7fada8610000 rw-p 0004b000 08:05 10842                      /usr/lib/x86_64-linux-gnu/libpango-1.0.so.0.3200.5
7fada8610000-7fada8624000 r-xp 00000000 08:05 10846                      /usr/lib/x86_64-linux-gnu/libpangoft2-1.0.so.0.3200.5
7fada8624000-7fada8823000 ---p 00014000 08:05 10846                      /usr/lib/x86_64-linux-gnu/libpangoft2-1.0.so.0.3200.5
7fada8823000-7fada8824000 r--p 00013000 08:05 10846                      /usr/lib/x86_64-linux-gnu/libpangoft2-1.0.so.0.3200.5
7fada8824000-7fada8825000 rw-p 00014000 08:05 10846                      /usr/lib/x86_64-linux-gnu/libpangoft2-1.0.so.0.3200.5
7fada8825000-7fada8981000 r-xp 00000000 08:05 702                        /usr/lib/x86_64-linux-gnu/libgio-2.0.so.0.3800.1
7fada8981000-7fada8b80000 ---p 0015c000 08:05 702                        /usr/lib/x86_64-linux-gnu/libgio-2.0.so.0.3800.1
7fada8b80000-7fada8b84000 r--p 0015b000 08:05 702                        /usr/lib/x86_64-linux-gnu/libgio-2.0.so.0.3800.1
7fada8b84000-7fada8b86000 rw-p 0015f000 08:05 702                        /usr/lib/x86_64-linux-gnu/libgio-2.0.so.0.3800.1
7fada8b86000-7fada8b88000 rw-p 00000000 00:00 0 
7fada8b88000-7fada8ba7000 r-xp 00000000 08:05 10446                      /usr/lib/x86_64-linux-gnu/libgdk_pixbuf-2.0.so.0.2800.1
7fada8ba7000-7fada8da6000 ---p 0001f000 08:05 10446                      /usr/lib/x86_64-linux-gnu/libgdk_pixbuf-2.0.so.0.2800.1
7fada8da6000-7fada8da7000 r--p 0001e000 08:05 10446                      /usr/lib/x86_64-linux-gnu/libgdk_pixbuf-2.0.so.0.2800.1
7fada8da7000-7fada8da8000 rw-p 0001f000 08:05 10446                      /usr/lib/x86_64-linux-gnu/libgdk_pixbuf-2.0.so.0.2800.1
7fada8da8000-7fada8eac000 r-xp 00000000 08:05 10199                      /usr/lib/x86_64-linux-gnu/libcairo.so.2.11200.16
7fada8eac000-7fada90ab000 ---p 00104000 08:05 10199                      /usr/lib/x86_64-linux-gnu/libcairo.so.2.11200.16
7fada90ab000-7fada90ae000 r--p 00103000 08:05 10199                      /usr/lib/x86_64-linux-gnu/libcairo.so.2.11200.16
7fada90ae000-7fada90af000 rw-p 00106000 08:05 10199                      /usr/lib/x86_64-linux-gnu/libcairo.so.2.11200.16
7fada90af000-7fada90b1000 rw-p 00000000 00:00 0 
7fada90b1000-7fada90d0000 r-xp 00000000 08:05 10150                      /usr/lib/x86_64-linux-gnu/libatk-1.0.so.0.21009.1
7fada90d0000-7fada92d0000 ---p 0001f000 08:05 10150                      /usr/lib/x86_64-linux-gnu/libatk-1.0.so.0.21009.1
7fada92d0000-7fada92d2000 r--p 0001f000 08:05 10150                      /usr/lib/x86_64-linux-gnu/libatk-1.0.so.0.21009.1
7fada92d2000-7fada92d3000 rw-p 00021000 08:05 10150                      /usr/lib/x86_64-linux-gnu/libatk-1.0.so.0.21009.1
7fada92d3000-7fada92de000 r-xp 00000000 08:05 10844                      /usr/lib/x86_64-linux-gnu/libpangocairo-1.0.so.0.3200.5
7fada92de000-7fada94de000 ---p 0000b000 08:05 10844                      /usr/lib/x86_64-linux-gnu/libpangocairo-1.0.so.0.3200.5
7fada94de000-7fada94df000 r--p 0000b000 08:05 10844                      /usr/lib/x86_64-linux-gnu/libpangocairo-1.0.so.0.3200.5
7fada94df000-7fada94e0000 rw-p 0000c000 08:05 10844                      /usr/lib/x86_64-linux-gnu/libpangocairo-1.0.so.0.3200.5
7fada94e0000-7fada94e3000 r-xp 00000000 08:05 737                        /usr/lib/x86_64-linux-gnu/libgmodule-2.0.so.0.3800.1
7fada94e3000-7fada96e2000 ---p 00003000 08:05 737                        /usr/lib/x86_64-linux-gnu/libgmodule-2.0.so.0.3800.1
7fada96e2000-7fada96e3000 r--p 00002000 08:05 737                        /usr/lib/x86_64-linux-gnu/libgmodule-2.0.so.0.3800.1
7fada96e3000-7fada96e4000 rw-p 00003000 08:05 737                        /usr/lib/x86_64-linux-gnu/libgmodule-2.0.so.0.3800.1
7fada96e4000-7fada9791000 r-xp 00000000 08:05 10444                      /usr/lib/x86_64-linux-gnu/libgdk-x11-2.0.so.0.2400.20
7fada9791000-7fada9990000 ---p 000ad000 08:05 10444                      /usr/lib/x86_64-linux-gnu/libgdk-x11-2.0.so.0.2400.20
7fada9990000-7fada9994000 r--p 000ac000 08:05 10444                      /usr/lib/x86_64-linux-gnu/libgdk-x11-2.0.so.0.2400.20
7fada9994000-7fada9996000 rw-p 000b0000 08:05 10444                      /usr/lib/x86_64-linux-gnu/libgdk-x11-2.0.so.0.2400.20
7fada9996000-7fada9dc5000 r-xp 00000000 08:05 10637                      /usr/lib/x86_64-linux-gnu/libgtk-x11-2.0.so.0.2400.20
7fada9dc5000-7fada9fc4000 ---p 0042f000 08:05 10637                      /usr/lib/x86_64-linux-gnu/libgtk-x11-2.0.so.0.2400.20
7fada9fc4000-7fada9fcb000 r--p 0042e000 08:05 10637                      /usr/lib/x86_64-linux-gnu/libgtk-x11-2.0.so.0.2400.20
7fada9fcb000-7fada9fcf000 rw-p 00435000 08:05 10637                      /usr/lib/x86_64-linux-gnu/libgtk-x11-2.0.so.0.2400.20
7fada9fcf000-7fada9fd2000 rw-p 00000000 00:00 0 
7fada9fd2000-7fada9fd5000 ---p 00000000 00:00 0 
7fada9fd5000-7fadaa0d3000 rw-p 00000000 00:00 0                          [stack:6610]
7fadaa20d000-7fadaa379000 rw-p 00000000 00:00 0 
7fadaa379000-7fadaa3e2000 r-xp 00000000 08:07 2759256                    /home/allenxyz/Desktop/eecs285/jdk1.7.0_67/jre/lib/amd64/libt2k.so
7fadaa3e2000-7fadaa5e1000 ---p 00069000 08:07 2759256                    /home/allenxyz/Desktop/eecs285/jdk1.7.0_67/jre/lib/amd64/libt2k.so
7fadaa5e1000-7fadaa5e8000 rw-p 00068000 08:07 2759256                    /home/allenxyz/Desktop/eecs285/jdk1.7.0_67/jre/lib/amd64/libt2k.so
7fadaa5e8000-7fadaa5f8000 rw-p 00000000 00:00 0 
7fadaa5f8000-7fadaa608000 r-xp 00000000 08:07 2759269                    /home/allenxyz/Desktop/eecs285/jdk1.7.0_67/jre/lib/amd64/libnio.so
7fadaa608000-7fadaa808000 ---p 00010000 08:07 2759269                    /home/allenxyz/Desktop/eecs285/jdk1.7.0_67/jre/lib/amd64/libnio.so
7fadaa808000-7fadaa809000 rw-p 00010000 08:07 2759269                    /home/allenxyz/Desktop/eecs285/jdk1.7.0_67/jre/lib/amd64/libnio.so
7fadaa809000-7fadaa81f000 r-xp 00000000 08:07 2759233                    /home/allenxyz/Desktop/eecs285/jdk1.7.0_67/jre/lib/amd64/libnet.so
7fadaa81f000-7fadaaa1f000 ---p 00016000 08:07 2759233                    /home/allenxyz/Desktop/eecs285/jdk1.7.0_67/jre/lib/amd64/libnet.so
7fadaaa1f000-7fadaaa20000 rw-p 00016000 08:07 2759233                    /home/allenxyz/Desktop/eecs285/jdk1.7.0_67/jre/lib/amd64/libnet.so
7fadaaa20000-7fadaaa35000 r-xp 00000000 08:05 280093                     /lib/x86_64-linux-gnu/libgcc_s.so.1
7fadaaa35000-7fadaac34000 ---p 00015000 08:05 280093                     /lib/x86_64-linux-gnu/libgcc_s.so.1
7fadaac34000-7fadaac35000 r--p 00014000 08:05 280093                     /lib/x86_64-linux-gnu/libgcc_s.so.1
7fadaac35000-7fadaac36000 rw-p 00015000 08:05 280093                     /lib/x86_64-linux-gnu/libgcc_s.so.1
7fadaac36000-7fadaac9b000 r-xp 00000000 08:07 2759238                    /home/allenxyz/Desktop/eecs285/jdk1.7.0_67/jre/lib/amd64/libfontmanager.so
7fadaac9b000-7fadaae9a000 ---p 00065000 08:07 2759238                    /home/allenxyz/Desktop/eecs285/jdk1.7.0_67/jre/lib/amd64/libfontmanager.so
7fadaae9a000-7fadaae9e000 rw-p 00064000 08:07 2759238                    /home/allenxyz/Desktop/eecs285/jdk1.7.0_67/jre/lib/amd64/libfontmanager.so
7fadaae9e000-7fadaaeaf000 rw-p 00000000 00:00 0 
7fadaaeaf000-7fadaaeb2000 ---p 00000000 00:00 0 
7fadaaeb2000-7fadaafb0000 rw-p 00000000 00:00 0                          [stack:6606]
7fadaafb0000-7fadaafb3000 ---p 00000000 00:00 0 
7fadaafb3000-7fadab0b1000 rw-p 00000000 00:00 0                          [stack:6605]
7fadab0b1000-7fadab0b4000 ---p 00000000 00:00 0 
7fadab0b4000-7fadab1b2000 rw-p 00000000 00:00 0                          [stack:6604]
7fadab1b2000-7fadab1b7000 r-xp 00000000 08:05 10081                      /usr/lib/x86_64-linux-gnu/libXfixes.so.3.1.0
7fadab1b7000-7fadab3b6000 ---p 00005000 08:05 10081                      /usr/lib/x86_64-linux-gnu/libXfixes.so.3.1.0
7fadab3b6000-7fadab3b7000 r--p 00004000 08:05 10081                      /usr/lib/x86_64-linux-gnu/libXfixes.so.3.1.0
7fadab3b7000-7fadab3b8000 rw-p 00005000 08:05 10081                      /usr/lib/x86_64-linux-gnu/libXfixes.so.3.1.0
7fadab3b8000-7fadab3c1000 r-xp 00000000 08:05 10073                      /usr/lib/x86_64-linux-gnu/libXcursor.so.1.0.2
7fadab3c1000-7fadab5c0000 ---p 00009000 08:05 10073                      /usr/lib/x86_64-linux-gnu/libXcursor.so.1.0.2
7fadab5c0000-7fadab5c1000 r--p 00008000 08:05 10073                      /usr/lib/x86_64-linux-gnu/libXcursor.so.1.0.2
7fadab5c1000-7fadab5c2000 rw-p 00009000 08:05 10073                      /usr/lib/x86_64-linux-gnu/libXcursor.so.1.0.2
7fadab5c2000-7fadab5c7000 r-xp 00000000 08:05 10077                      /usr/lib/x86_64-linux-gnu/libXdmcp.so.6.0.0
7fadab5c7000-7fadab7c6000 ---p 00005000 08:05 10077                      /usr/lib/x86_64-linux-gnu/libXdmcp.so.6.0.0
7fadab7c6000-7fadab7c7000 r--p 00004000 08:05 10077                      /usr/lib/x86_64-linux-gnu/libXdmcp.so.6.0.0
7fadab7c7000-7fadab7c8000 rw-p 00005000 08:05 10077                      /usr/lib/x86_64-linux-gnu/libXdmcp.so.6.0.0
7fadab7c8000-7fadab7ca000 r-xp 00000000 08:05 10066                      /usr/lib/x86_64-linux-gnu/libXau.so.6.0.0
7fadab7ca000-7fadab9ca000 ---p 00002000 08:05 10066                      /usr/lib/x86_64-linux-gnu/libXau.so.6.0.0
7fadab9ca000-7fadab9cb000 r--p 00002000 08:05 10066                      /usr/lib/x86_64-linux-gnu/libXau.so.6.0.0
7fadab9cb000-7fadab9cc000 rw-p 00003000 08:05 10066                      /usr/lib/x86_64-linux-gnu/libXau.so.6.0.0
7fadab9cc000-7fadab9e9000 r-xp 00000000 08:05 11118                      /usr/lib/x86_64-linux-gnu/libxcb.so.1.1.0
7fadab9e9000-7fadabbe8000 ---p 0001d000 08:05 11118                      /usr/lib/x86_64-linux-gnu/libxcb.so.1.1.0
7fadabbe8000-7fadabbe9000 r--p 0001c000 08:05 11118                      /usr/lib/x86_64-linux-gnu/libxcb.so.1.1.0
7fadabbe9000-7fadabbea000 rw-p 0001d000 08:05 11118                      /usr/lib/x86_64-linux-gnu/libxcb.so.1.1.0
7fadabbea000-7fadabbf9000 r-xp 00000000 08:05 10087                      /usr/lib/x86_64-linux-gnu/libXi.so.6.1.0
7fadabbf9000-7fadabdf8000 ---p 0000f000 08:05 10087                      /usr/lib/x86_64-linux-gnu/libXi.so.6.1.0
7fadabdf8000-7fadabdf9000 r--p 0000e000 08:05 10087                      /usr/lib/x86_64-linux-gnu/libXi.so.6.1.0
7fadabdf9000-7fadabdfa000 rw-p 0000f000 08:05 10087                      /usr/lib/x86_64-linux-gnu/libXi.so.6.1.0
7fadabdfa000-7fadabdff000 r-xp 00000000 08:05 10105                      /usr/lib/x86_64-linux-gnu/libXtst.so.6.1.0
7fadabdff000-7fadabffe000 ---p 00005000 08:05 10105                      /usr/lib/x86_64-linux-gnu/libXtst.so.6.1.0
7fadabffe000-7fadabfff000 r--p 00004000 08:05 10105                      /usr/lib/x86_64-linux-gnu/libXtst.so.6.1.0
7fadabfff000-7fadac000000 rw-p 00005000 08:05 10105                      /usr/lib/x86_64-linux-gnu/libXtst.so.6.1.0
7fadac000000-7fadac021000 rw-p 00000000 00:00 0 
7fadac021000-7fadb0000000 ---p 00000000 00:00 0 
7fadb0000000-7fadb0021000 rw-p 00000000 00:00 0 
7fadb0021000-7fadb4000000 ---p 00000000 00:00 0 
7fadb4000000-7fadb43dd000 rw-p 00000000 00:00 0 
7fadb43dd000-7fadb8000000 ---p 00000000 00:00 0 
7fadb8000000-7fadb8861000 rw-p 00000000 00:00 0 
7fadb8861000-7fadbc000000 ---p 00000000 00:00 0 
7fadbc000000-7fadbc021000 rw-p 00000000 00:00 0 
7fadbc021000-7fadc0000000 ---p 00000000 00:00 0 
7fadc0000000-7fadc0021000 rw-p 00000000 00:00 0 
7fadc0021000-7fadc4000000 ---p 00000000 00:00 0 
7fadc4000000-7fadc40f5000 rw-p 00000000 00:00 0 
7fadc40f5000-7fadc8000000 ---p 00000000 00:00 0 
7fadc8000000-7fadc8021000 rw-p 00000000 00:00 0 
7fadc8021000-7fadcc000000 ---p 00000000 00:00 0 
7fadcc000000-7fadcc021000 rw-p 00000000 00:00 0 
7fadcc021000-7fadd0000000 ---p 00000000 00:00 0 
7fadd0000000-7fadd0021000 rw-p 00000000 00:00 0 
7fadd0021000-7fadd4000000 ---p 00000000 00:00 0 
7fadd4000000-7fadd4021000 rw-p 00000000 00:00 0 
7fadd4021000-7fadd8000000 ---p 00000000 00:00 0 
7fadd8012000-7fadd8019000 r--s 00000000 08:05 270787                     /usr/lib/x86_64-linux-gnu/gconv/gconv-modules.cache
7fadd8019000-7fadd8027000 r--s 00000000 08:05 176981                     /var/cache/fontconfig/6aa41aa22e18b8fa06a12da28ea9c28b-le64.cache-4
7fadd8027000-7fadd8028000 r--s 00000000 08:05 152843                     /var/cache/fontconfig/c05880de57d1f5e948fdfacc138775d9-le64.cache-4
7fadd8028000-7fadd8033000 r--s 00000000 08:05 152836                     /var/cache/fontconfig/945677eb7aeaf62f1d50efc3fb3ec7d8-le64.cache-4
7fadd8033000-7fadd8038000 r--s 00000000 08:05 165677                     /var/cache/fontconfig/99e8ed0e538f840c565b6ed5dad60d56-le64.cache-4
7fadd8038000-7fadd803e000 r--s 00000000 08:05 152821                     /var/cache/fontconfig/2cd17615ca594fa2959ae173292e504c-le64.cache-4
7fadd803e000-7fadd803f000 r--s 00000000 08:05 152853                     /var/cache/fontconfig/e7071f4a29fa870f4323321c154eba04-le64.cache-4
7fadd803f000-7fadd8040000 r--s 00000000 08:05 176930                     /var/cache/fontconfig/617957603a337376ca8784972c6029f5-le64.cache-4
7fadd8040000-7fadd8041000 r--s 00000000 08:05 152818                     /var/cache/fontconfig/0d8c3b2ac0904cb8a57a757ad11a4a08-le64.cache-4
7fadd8041000-7fadd8048000 r--s 00000000 08:05 152840                     /var/cache/fontconfig/a755afe4a08bf5b97852ceb7400b47bc-le64.cache-4
7fadd8048000-7fadd8054000 r--s 00000000 08:05 152831                     /var/cache/fontconfig/6d41288fd70b0be22e8c3a91e032eec0-le64.cache-4
7fadd8054000-7fadd8068000 r--s 00000000 08:05 152816                     /var/cache/fontconfig/04aabc0a78ac019cf9454389977116d2-le64.cache-4
7fadd8068000-7fadd806d000 r--s 00000000 08:05 165676                     /var/cache/fontconfig/eb48934c523a49add3824bfad8846c40-le64.cache-4
7fadd806d000-7fadd8072000 r--s 00000000 08:05 165675                     /var/cache/fontconfig/385c0604a188198f04d133e54aba7fe7-le64.cache-4
7fadd8072000-7fadd8074000 r--s 00000000 08:05 152833                     /var/cache/fontconfig/767a8244fc0220cfb567a839d0392e0b-le64.cache-4
7fadd8074000-7fadd807b000 r--s 00000000 08:05 152822                     /var/cache/fontconfig/3047814df9a2f067bd2d96a2b9c36e5a-le64.cache-4
7fadd807b000-7fadd8081000 r--s 00000000 08:05 152841                     /var/cache/fontconfig/b47c4e1ecd0709278f4910c18777a504-le64.cache-4
7fadd8081000-7fadd8094000 r--s 00000000 08:05 152847                     /var/cache/fontconfig/d52a8644073d54c13679302ca1180695-le64.cache-4
7fadd8094000-7fadd809c000 r--s 00000000 08:05 152825                     /var/cache/fontconfig/3f7329c5293ffd510edef78f73874cfd-le64.cache-4
7fadd809c000-7fadd80a8000 r--s 00000000 08:05 152848                     /var/cache/fontconfig/d589a48862398ed80a3d6066f4f56f4c-le64.cache-4
7fadd80c4000-7fadd80c5000 rw-p 00000000 00:00 0 
7fadd80c5000-7fadd8100000 rw-s 00000000 00:04 68354163                   /SYSV00000000 (deleted)
7fadd8100000-7fadd8103000 ---p 00000000 00:00 0 
7fadd8103000-7fadd8201000 rw-p 00000000 00:00 0                          [stack:6603]
7fadd8201000-7fadd820a000 r-xp 00000000 08:05 10099                      /usr/lib/x86_64-linux-gnu/libXrender.so.1.3.0
7fadd820a000-7fadd8409000 ---p 00009000 08:05 10099                      /usr/lib/x86_64-linux-gnu/libXrender.so.1.3.0
7fadd8409000-7fadd840a000 r--p 00008000 08:05 10099                      /usr/lib/x86_64-linux-gnu/libXrender.so.1.3.0
7fadd840a000-7fadd840b000 rw-p 00009000 08:05 10099                      /usr/lib/x86_64-linux-gnu/libXrender.so.1.3.0
7fadd840b000-7fadd853b000 r-xp 00000000 08:05 10062                      /usr/lib/x86_64-linux-gnu/libX11.so.6.3.0
7fadd853b000-7fadd873b000 ---p 00130000 08:05 10062                      /usr/lib/x86_64-linux-gnu/libX11.so.6.3.0
7fadd873b000-7fadd873c000 r--p 00130000 08:05 10062                      /usr/lib/x86_64-linux-gnu/libX11.so.6.3.0
7fadd873c000-7fadd8740000 rw-p 00131000 08:05 10062                      /usr/lib/x86_64-linux-gnu/libX11.so.6.3.0
7fadd8740000-7fadd8751000 r-xp 00000000 08:05 10079                      /usr/lib/x86_64-linux-gnu/libXext.so.6.4.0
7fadd8751000-7fadd8950000 ---p 00011000 08:05 10079                      /usr/lib/x86_64-linux-gnu/libXext.so.6.4.0
7fadd8950000-7fadd8951000 r--p 00010000 08:05 10079                      /usr/lib/x86_64-linux-gnu/libXext.so.6.4.0
7fadd8951000-7fadd8952000 rw-p 00011000 08:05 10079                      /usr/lib/x86_64-linux-gnu/libXext.so.6.4.0
7fadd8952000-7fadd8953000 r--s 00000000 08:05 152820                     /var/cache/fontconfig/1ac9eb803944fde146138c791f5cc56a-le64.cache-4
7fadd8953000-7fadd8970000 r--s 00000000 08:05 416635                     /usr/share/mime/mime.cache
7fadd8970000-7fadd89c0000 r-xp 00000000 08:07 2890675                    /home/allenxyz/Desktop/eecs285/jdk1.7.0_67/jre/lib/amd64/xawt/libmawt.so
7fadd89c0000-7fadd8bc0000 ---p 00050000 08:07 2890675                    /home/allenxyz/Desktop/eecs285/jdk1.7.0_67/jre/lib/amd64/xawt/libmawt.so
7fadd8bc0000-7fadd8bc4000 rw-p 00050000 08:07 2890675                    /home/allenxyz/Desktop/eecs285/jdk1.7.0_67/jre/lib/amd64/xawt/libmawt.so
7fadd8bc4000-7fadd8bc5000 rw-p 00000000 00:00 0 
7fadd8bc5000-7fadd8c67000 r-xp 00000000 08:07 2759237                    /home/allenxyz/Desktop/eecs285/jdk1.7.0_67/jre/lib/amd64/libawt.so
7fadd8c67000-7fadd8e67000 ---p 000a2000 08:07 2759237                    /home/allenxyz/Desktop/eecs285/jdk1.7.0_67/jre/lib/amd64/libawt.so
7fadd8e67000-7fadd8e73000 rw-p 000a2000 08:07 2759237                    /home/allenxyz/Desktop/eecs285/jdk1.7.0_67/jre/lib/amd64/libawt.so
7fadd8e73000-7fadd8e97000 rw-p 00000000 00:00 0 
7fadd8e97000-7fadd8e98000 ---p 00000000 00:00 0 
7fadd8e98000-7fadd8f98000 rw-p 00000000 00:00 0                          [stack:6602]
7fadd8f98000-7fadd8f9b000 ---p 00000000 00:00 0 
7fadd8f9b000-7fadd9099000 rw-p 00000000 00:00 0                          [stack:6601]
7fadd9099000-7fadd909c000 ---p 00000000 00:00 0 
7fadd909c000-7fadd919a000 rw-p 00000000 00:00 0                          [stack:6600]
7fadd919a000-7fadd919d000 ---p 00000000 00:00 0 
7fadd919d000-7fadd929b000 rw-p 00000000 00:00 0                          [stack:6599]
7fadd929b000-7fadd929e000 ---p 00000000 00:00 0 
7fadd929e000-7fadd939c000 rw-p 00000000 00:00 0                          [stack:6598]
7fadd939c000-7fadd98f7000 r--p 00000000 08:05 8994                       /usr/lib/locale/locale-archive
7fadd98f7000-7fadd98fa000 ---p 00000000 00:00 0 
7fadd98fa000-7fadd99f8000 rw-p 00000000 00:00 0                          [stack:6597]
7fadd99f8000-7fadd99fb000 ---p 00000000 00:00 0 
7fadd99fb000-7fadd9af9000 rw-p 00000000 00:00 0                          [stack:6596]
7fadd9af9000-7fadd9afa000 ---p 00000000 00:00 0 
7fadd9afa000-7faddc000000 rw-p 00000000 00:00 0                          [stack:6595]
7faddc000000-7faddc021000 rw-p 00000000 00:00 0 
7faddc021000-7fade0000000 ---p 00000000 00:00 0 
7fade0000000-7fade0003000 r--s 00000000 08:05 152835                     /var/cache/fontconfig/8801497958630a81b71ace7c5f9b32a8-le64.cache-4
7fade0003000-7fade0adc000 rw-p 00000000 00:00 0 
7fade0adc000-7fade0c9b000 r--s 039e5000 08:07 2625317                    /home/allenxyz/Desktop/eecs285/jdk1.7.0_67/jre/lib/rt.jar
7fade0c9b000-7fade0eff000 rw-p 00000000 00:00 0 
7fade0eff000-7fade0f00000 ---p 00000000 00:00 0 
7fade0f00000-7fade1000000 rw-p 00000000 00:00 0                          [stack:6594]
7fade1000000-7fade1270000 rwxp 00000000 00:00 0 
7fade1270000-7fade42d0000 rw-p 00000000 00:00 0 
7fade42d0000-7fade8000000 ---p 00000000 00:00 0 
7fade8000000-7fade8083000 rw-p 00000000 00:00 0 
7fade8083000-7fade8084000 ---p 00000000 00:00 0 
7fade8084000-7fade8184000 rw-p 00000000 00:00 0                          [stack:6593]
7fade8184000-7fade8185000 ---p 00000000 00:00 0 
7fade8185000-7fade8285000 rw-p 00000000 00:00 0                          [stack:6592]
7fade8285000-7fade8286000 ---p 00000000 00:00 0 
7fade8286000-7fade8394000 rw-p 00000000 00:00 0                          [stack:6591]
7fade8394000-7fade83af000 rw-p 00000000 00:00 0 
7fade83af000-7fade83c4000 rw-p 00000000 00:00 0 
7fade83c4000-7fade84dd000 rw-p 00000000 00:00 0 
7fade84dd000-7fade84eb000 rw-p 00000000 00:00 0 
7fade84eb000-7fade8506000 rw-p 00000000 00:00 0 
7fade8506000-7fade851b000 rw-p 00000000 00:00 0 
7fade851b000-7fade8634000 rw-p 00000000 00:00 0 
7fade8634000-7fade8645000 rw-p 00000000 00:00 0 
7fade8645000-7fade86cb000 rw-p 00000000 00:00 0 
7fade86cb000-7fade86cc000 rw-p 00000000 00:00 0 
7fade86cc000-7fade86e6000 r-xp 00000000 08:07 2759281                    /home/allenxyz/Desktop/eecs285/jdk1.7.0_67/jre/lib/amd64/libzip.so
7fade86e6000-7fade88e6000 ---p 0001a000 08:07 2759281                    /home/allenxyz/Desktop/eecs285/jdk1.7.0_67/jre/lib/amd64/libzip.so
7fade88e6000-7fade88e7000 rw-p 0001a000 08:07 2759281                    /home/allenxyz/Desktop/eecs285/jdk1.7.0_67/jre/lib/amd64/libzip.so
7fade88e7000-7fade88f3000 r-xp 00000000 08:05 267360                     /lib/x86_64-linux-gnu/libnss_files-2.17.so
7fade88f3000-7fade8af2000 ---p 0000c000 08:05 267360                     /lib/x86_64-linux-gnu/libnss_files-2.17.so
7fade8af2000-7fade8af3000 r--p 0000b000 08:05 267360                     /lib/x86_64-linux-gnu/libnss_files-2.17.so
7fade8af3000-7fade8af4000 rw-p 0000c000 08:05 267360                     /lib/x86_64-linux-gnu/libnss_files-2.17.so
7fade8af4000-7fade8aff000 r-xp 00000000 08:05 267364                     /lib/x86_64-linux-gnu/libnss_nis-2.17.so
7fade8aff000-7fade8cfe000 ---p 0000b000 08:05 267364                     /lib/x86_64-linux-gnu/libnss_nis-2.17.so
7fade8cfe000-7fade8cff000 r--p 0000a000 08:05 267364                     /lib/x86_64-linux-gnu/libnss_nis-2.17.so
7fade8cff000-7fade8d00000 rw-p 0000b000 08:05 267364                     /lib/x86_64-linux-gnu/libnss_nis-2.17.so
7fade8d00000-7fade8d17000 r-xp 00000000 08:05 267354                     /lib/x86_64-linux-gnu/libnsl-2.17.so
7fade8d17000-7fade8f16000 ---p 00017000 08:05 267354                     /lib/x86_64-linux-gnu/libnsl-2.17.so
7fade8f16000-7fade8f17000 r--p 00016000 08:05 267354                     /lib/x86_64-linux-gnu/libnsl-2.17.so
7fade8f17000-7fade8f18000 rw-p 00017000 08:05 267354                     /lib/x86_64-linux-gnu/libnsl-2.17.so
7fade8f18000-7fade8f1a000 rw-p 00000000 00:00 0 
7fade8f1a000-7fade8f22000 r-xp 00000000 08:05 267356                     /lib/x86_64-linux-gnu/libnss_compat-2.17.so
7fade8f22000-7fade9121000 ---p 00008000 08:05 267356                     /lib/x86_64-linux-gnu/libnss_compat-2.17.so
7fade9121000-7fade9122000 r--p 00007000 08:05 267356                     /lib/x86_64-linux-gnu/libnss_compat-2.17.so
7fade9122000-7fade9123000 rw-p 00008000 08:05 267356                     /lib/x86_64-linux-gnu/libnss_compat-2.17.so
7fade9123000-7fade914c000 r-xp 00000000 08:07 2759266                    /home/allenxyz/Desktop/eecs285/jdk1.7.0_67/jre/lib/amd64/libjava.so
7fade914c000-7fade934c000 ---p 00029000 08:07 2759266                    /home/allenxyz/Desktop/eecs285/jdk1.7.0_67/jre/lib/amd64/libjava.so
7fade934c000-7fade934e000 rw-p 00029000 08:07 2759266                    /home/allenxyz/Desktop/eecs285/jdk1.7.0_67/jre/lib/amd64/libjava.so
7fade934e000-7fade935b000 r-xp 00000000 08:07 2759232                    /home/allenxyz/Desktop/eecs285/jdk1.7.0_67/jre/lib/amd64/libverify.so
7fade935b000-7fade955a000 ---p 0000d000 08:07 2759232                    /home/allenxyz/Desktop/eecs285/jdk1.7.0_67/jre/lib/amd64/libverify.so
7fade955a000-7fade955c000 rw-p 0000c000 08:07 2759232                    /home/allenxyz/Desktop/eecs285/jdk1.7.0_67/jre/lib/amd64/libverify.so
7fade955c000-7fade9563000 r-xp 00000000 08:05 267407                     /lib/x86_64-linux-gnu/librt-2.17.so
7fade9563000-7fade9762000 ---p 00007000 08:05 267407                     /lib/x86_64-linux-gnu/librt-2.17.so
7fade9762000-7fade9763000 r--p 00006000 08:05 267407                     /lib/x86_64-linux-gnu/librt-2.17.so
7fade9763000-7fade9764000 rw-p 00007000 08:05 267407                     /lib/x86_64-linux-gnu/librt-2.17.so
7fade9764000-7fade9867000 r-xp 00000000 08:05 267335                     /lib/x86_64-linux-gnu/libm-2.17.so
7fade9867000-7fade9a66000 ---p 00103000 08:05 267335                     /lib/x86_64-linux-gnu/libm-2.17.so
7fade9a66000-7fade9a67000 r--p 00102000 08:05 267335                     /lib/x86_64-linux-gnu/libm-2.17.so
7fade9a67000-7fade9a68000 rw-p 00103000 08:05 267335                     /lib/x86_64-linux-gnu/libm-2.17.so
7fade9a68000-7fadea5d8000 r-xp 00000000 08:07 2759246                    /home/allenxyz/Desktop/eecs285/jdk1.7.0_67/jre/lib/amd64/server/libjvm.so
7fadea5d8000-7fadea7d7000 ---p 00b70000 08:07 2759246                    /home/allenxyz/Desktop/eecs285/jdk1.7.0_67/jre/lib/amd64/server/libjvm.so
7fadea7d7000-7fadea89c000 rw-p 00b6f000 08:07 2759246                    /home/allenxyz/Desktop/eecs285/jdk1.7.0_67/jre/lib/amd64/server/libjvm.so
7fadea89c000-7fadea8dc000 rw-p 00000000 00:00 0 
7fadea8dc000-7fadeaa99000 r-xp 00000000 08:05 267284                     /lib/x86_64-linux-gnu/libc-2.17.so
7fadeaa99000-7fadeac99000 ---p 001bd000 08:05 267284                     /lib/x86_64-linux-gnu/libc-2.17.so
7fadeac99000-7fadeac9d000 r--p 001bd000 08:05 267284                     /lib/x86_64-linux-gnu/libc-2.17.so
7fadeac9d000-7fadeac9f000 rw-p 001c1000 08:05 267284                     /lib/x86_64-linux-gnu/libc-2.17.so
7fadeac9f000-7fadeaca4000 rw-p 00000000 00:00 0 
7fadeaca4000-7fadeaca7000 r-xp 00000000 08:05 267299                     /lib/x86_64-linux-gnu/libdl-2.17.so
7fadeaca7000-7fadeaea6000 ---p 00003000 08:05 267299                     /lib/x86_64-linux-gnu/libdl-2.17.so
7fadeaea6000-7fadeaea7000 r--p 00002000 08:05 267299                     /lib/x86_64-linux-gnu/libdl-2.17.so
7fadeaea7000-7fadeaea8000 rw-p 00003000 08:05 267299                     /lib/x86_64-linux-gnu/libdl-2.17.so
7fadeaea8000-7fadeaebe000 r-xp 00000000 08:07 1449723                    /home/allenxyz/Desktop/eecs285/jdk1.7.0_67/lib/amd64/jli/libjli.so
7fadeaebe000-7fadeb0be000 ---p 00016000 08:07 1449723                    /home/allenxyz/Desktop/eecs285/jdk1.7.0_67/lib/amd64/jli/libjli.so
7fadeb0be000-7fadeb0bf000 rw-p 00016000 08:07 1449723                    /home/allenxyz/Desktop/eecs285/jdk1.7.0_67/lib/amd64/jli/libjli.so
7fadeb0bf000-7fadeb0d6000 r-xp 00000000 08:05 267399                     /lib/x86_64-linux-gnu/libpthread-2.17.so
7fadeb0d6000-7fadeb2d6000 ---p 00017000 08:05 267399                     /lib/x86_64-linux-gnu/libpthread-2.17.so
7fadeb2d6000-7fadeb2d7000 r--p 00017000 08:05 267399                     /lib/x86_64-linux-gnu/libpthread-2.17.so
7fadeb2d7000-7fadeb2d8000 rw-p 00018000 08:05 267399                     /lib/x86_64-linux-gnu/libpthread-2.17.so
7fadeb2d8000-7fadeb2dc000 rw-p 00000000 00:00 0 
7fadeb2dc000-7fadeb2ff000 r-xp 00000000 08:05 267260                     /lib/x86_64-linux-gnu/ld-2.17.so
7fadeb2ff000-7fadeb300000 r--s 00000000 08:05 152850                     /var/cache/fontconfig/dc05db6664285cc2f12bf69c139ae4c3-le64.cache-4
7fadeb300000-7fadeb301000 r--s 00000000 08:05 131088                     /var/cache/fontconfig/4794a0821666d79190d59a36cb4f44b5-le64.cache-4
7fadeb301000-7fadeb302000 r--s 00000000 08:05 152828                     /var/cache/fontconfig/56cf4f4769d0f4abc89a4895d7bd3ae1-le64.cache-4
7fadeb302000-7fadeb303000 r--s 00000000 08:05 152842                     /var/cache/fontconfig/b9d506c9ac06c20b433354fa67a72993-le64.cache-4
7fadeb303000-7fadeb310000 r--s 00000000 08:05 165674                     /var/cache/fontconfig/089dead882dea3570ffc31a9898cfb69-le64.cache-4
7fadeb310000-7fadeb311000 r--s 00000000 08:05 152817                     /var/cache/fontconfig/0c9eb80ebd1c36541ebe2852d3bb0c49-le64.cache-4
7fadeb311000-7fadeb314000 r--s 00000000 08:05 153105                     /var/cache/fontconfig/e13b20fdb08344e0e664864cc2ede53d-le64.cache-4
7fadeb314000-7fadeb318000 r--s 00000000 08:05 176976                     /var/cache/fontconfig/7ef2298fde41cc6eeb7af42e48b7d293-le64.cache-4
7fadeb318000-7fadeb319000 r--s 00000000 08:07 1182789                    /home/allenxyz/.local/share/mime/mime.cache
7fadeb319000-7fadeb323000 rw-p 00000000 00:00 0 
7fadeb323000-7fadeb3d9000 rw-p 00000000 00:00 0 
7fadeb3d9000-7fadeb3dc000 ---p 00000000 00:00 0 
7fadeb3dc000-7fadeb4f2000 rw-p 00000000 00:00 0                          [stack:6588]
7fadeb4f2000-7fadeb4fa000 rw-s 00000000 08:05 12193                      /tmp/hsperfdata_allenxyz/6582
7fadeb4fa000-7fadeb4fb000 rw-p 00000000 00:00 0 
7fadeb4fb000-7fadeb4fc000 ---p 00000000 00:00 0 
7fadeb4fc000-7fadeb4fe000 rw-p 00000000 00:00 0 
7fadeb4fe000-7fadeb4ff000 r--p 00022000 08:05 267260                     /lib/x86_64-linux-gnu/ld-2.17.so
7fadeb4ff000-7fadeb501000 rw-p 00023000 08:05 267260                     /lib/x86_64-linux-gnu/ld-2.17.so
7fff64bfa000-7fff64c1c000 rw-p 00000000 00:00 0                          [stack]
7fff64da7000-7fff64da9000 r-xp 00000000 00:00 0                          [vdso]
ffffffffff600000-ffffffffff601000 r-xp 00000000 00:00 0                  [vsyscall]

VM Arguments:
jvm_args: -Dfile.encoding=UTF-8 
java_command: eecs285.proj4.ImageProcessorGUI
Launcher Type: SUN_STANDARD

Environment Variables:
PATH=/usr/local/heroku/bin:/home/allenxyz/.rvm/gems/ruby-2.1.2/bin:/home/allenxyz/.rvm/gems/ruby-2.1.2@global/bin:/home/allenxyz/.rvm/rubies/ruby-2.1.2/bin:/usr/local/sbin:/usr/local/bin:/usr/sbin:/usr/bin:/sbin:/bin:/usr/games:/usr/local/games:/home/allenxyz/.rvm/bin:/home/allenxyz/.rvm/bin:/home/allenxyz/Desktop/eecs285/jdk1.7.0_67/bin
USERNAME=allenxyz
SHELL=/bin/bash
DISPLAY=:0

Signal Handlers:
SIGSEGV: [libjvm.so+0x99f4a0], sa_mask[0]=0x7ffbfeff, sa_flags=0x10000004
SIGBUS: [libjvm.so+0x99f4a0], sa_mask[0]=0x7ffbfeff, sa_flags=0x10000004
SIGFPE: [libjvm.so+0x81a860], sa_mask[0]=0x7ffbfeff, sa_flags=0x10000004
SIGPIPE: SIG_IGN, sa_mask[0]=0x00001000, sa_flags=0x10000000
SIGXFSZ: [libjvm.so+0x81a860], sa_mask[0]=0x7ffbfeff, sa_flags=0x10000004
SIGILL: [libjvm.so+0x81a860], sa_mask[0]=0x7ffbfeff, sa_flags=0x10000004
SIGUSR1: SIG_DFL, sa_mask[0]=0x00000000, sa_flags=0x00000000
SIGUSR2: [libjvm.so+0x81c060], sa_mask[0]=0x00000004, sa_flags=0x10000004
SIGHUP: [libjvm.so+0x81d160], sa_mask[0]=0x7ffbfeff, sa_flags=0x10000004
SIGINT: [libjvm.so+0x81d160], sa_mask[0]=0x7ffbfeff, sa_flags=0x10000004
SIGTERM: [libjvm.so+0x81d160], sa_mask[0]=0x7ffbfeff, sa_flags=0x10000004
SIGQUIT: [libjvm.so+0x81d160], sa_mask[0]=0x7ffbfeff, sa_flags=0x10000004


---------------  S Y S T E M  ---------------

OS:wheezy/sid

uname:Linux 3.11.0-12-generic #19-Ubuntu SMP Wed Oct 9 16:20:46 UTC 2013 x86_64
libc:glibc 2.17 NPTL 2.17 
rlimit: STACK 8192k, CORE 0k, NPROC 28709, NOFILE 4096, AS infinity
load average:3.02 4.86 2.99

/proc/meminfo:
MemTotal:        3704112 kB
MemFree:           83464 kB
Buffers:             276 kB
Cached:           774528 kB
SwapCached:         9068 kB
Active:          2621176 kB
Inactive:         789740 kB
Active(anon):    2616640 kB
Inactive(anon):   785352 kB
Active(file):       4536 kB
Inactive(file):     4388 kB
Unevictable:          32 kB
Mlocked:              32 kB
SwapTotal:       3294204 kB
SwapFree:              0 kB
Dirty:                 0 kB
Writeback:             0 kB
AnonPages:       2626288 kB
Mapped:            92420 kB
Shmem:            767044 kB
Slab:              79556 kB
SReclaimable:      29184 kB
SUnreclaim:        50372 kB
KernelStack:       12568 kB
PageTables:        66972 kB
NFS_Unstable:          0 kB
Bounce:                0 kB
WritebackTmp:          0 kB
CommitLimit:     5146260 kB
Committed_AS:   15624964 kB
VmallocTotal:   34359738367 kB
VmallocUsed:      350080 kB
VmallocChunk:   34359385300 kB
HardwareCorrupted:     0 kB
AnonHugePages:         0 kB
HugePages_Total:       0
HugePages_Free:        0
HugePages_Rsvd:        0
HugePages_Surp:        0
Hugepagesize:       2048 kB
DirectMap4k:       53356 kB
DirectMap2M:     2744320 kB
DirectMap1G:     1048576 kB


CPU:total 4 (2 cores per cpu, 2 threads per core) family 6 model 69 stepping 1, cmov, cx8, fxsr, mmx, sse, sse2, sse3, ssse3, sse4.1, sse4.2, popcnt, avx, avx2, aes, erms, ht, tsc, tscinvbit

/proc/cpuinfo:
processor	: 0
vendor_id	: GenuineIntel
cpu family	: 6
model		: 69
model name	: Intel(R) Core(TM) i5-4300U CPU @ 1.90GHz
stepping	: 1
microcode	: 0x17
cpu MHz		: 1900.000
cache size	: 3072 KB
physical id	: 0
siblings	: 4
core id		: 0
cpu cores	: 2
apicid		: 0
initial apicid	: 0
fpu		: yes
fpu_exception	: yes
cpuid level	: 13
wp		: yes
flags		: fpu vme de pse tsc msr pae mce cx8 apic sep mtrr pge mca cmov pat pse36 clflush dts acpi mmx fxsr sse sse2 ss ht tm pbe syscall nx pdpe1gb rdtscp lm constant_tsc arch_perfmon pebs bts rep_good nopl xtopology nonstop_tsc aperfmperf eagerfpu pni pclmulqdq dtes64 monitor ds_cpl vmx smx est tm2 ssse3 fma cx16 xtpr pdcm pcid sse4_1 sse4_2 x2apic movbe popcnt tsc_deadline_timer aes xsave avx f16c rdrand lahf_lm abm ida arat epb xsaveopt pln pts dtherm tpr_shadow vnmi flexpriority ept vpid fsgsbase tsc_adjust bmi1 hle avx2 smep bmi2 erms invpcid rtm
bogomips	: 4988.47
clflush size	: 64
cache_alignment	: 64
address sizes	: 39 bits physical, 48 bits virtual
power management:

processor	: 1
vendor_id	: GenuineIntel
cpu family	: 6
model		: 69
model name	: Intel(R) Core(TM) i5-4300U CPU @ 1.90GHz
stepping	: 1
microcode	: 0x17
cpu MHz		: 1900.000
cache size	: 3072 KB
physical id	: 0
siblings	: 4
core id		: 0
cpu cores	: 2
apicid		: 1
initial apicid	: 1
fpu		: yes
fpu_exception	: yes
cpuid level	: 13
wp		: yes
flags		: fpu vme de pse tsc msr pae mce cx8 apic sep mtrr pge mca cmov pat pse36 clflush dts acpi mmx fxsr sse sse2 ss ht tm pbe syscall nx pdpe1gb rdtscp lm constant_tsc arch_perfmon pebs bts rep_good nopl xtopology nonstop_tsc aperfmperf eagerfpu pni pclmulqdq dtes64 monitor ds_cpl vmx smx est tm2 ssse3 fma cx16 xtpr pdcm pcid sse4_1 sse4_2 x2apic movbe popcnt tsc_deadline_timer aes xsave avx f16c rdrand lahf_lm abm ida arat epb xsaveopt pln pts dtherm tpr_shadow vnmi flexpriority ept vpid fsgsbase tsc_adjust bmi1 hle avx2 smep bmi2 erms invpcid rtm
bogomips	: 4988.47
clflush size	: 64
cache_alignment	: 64
address sizes	: 39 bits physical, 48 bits virtual
power management:

processor	: 2
vendor_id	: GenuineIntel
cpu family	: 6
model		: 69
model name	: Intel(R) Core(TM) i5-4300U CPU @ 1.90GHz
stepping	: 1
microcode	: 0x17
cpu MHz		: 1900.000
cache size	: 3072 KB
physical id	: 0
siblings	: 4
core id		: 1
cpu cores	: 2
apicid		: 2
initial apicid	: 2
fpu		: yes
fpu_exception	: yes
cpuid level	: 13
wp		: yes
flags		: fpu vme de pse tsc msr pae mce cx8 apic sep mtrr pge mca cmov pat pse36 clflush dts acpi mmx fxsr sse sse2 ss ht tm pbe syscall nx pdpe1gb rdtscp lm constant_tsc arch_perfmon pebs bts rep_good nopl xtopology nonstop_tsc aperfmperf eagerfpu pni pclmulqdq dtes64 monitor ds_cpl vmx smx est tm2 ssse3 fma cx16 xtpr pdcm pcid sse4_1 sse4_2 x2apic movbe popcnt tsc_deadline_timer aes xsave avx f16c rdrand lahf_lm abm ida arat epb xsaveopt pln pts dtherm tpr_shadow vnmi flexpriority ept vpid fsgsbase tsc_adjust bmi1 hle avx2 smep bmi2 erms invpcid rtm
bogomips	: 4988.47
clflush size	: 64
cache_alignment	: 64
address sizes	: 39 bits physical, 48 bits virtual
power management:

processor	: 3
vendor_id	: GenuineIntel
cpu family	: 6
model		: 69
model name	: Intel(R) Core(TM) i5-4300U CPU @ 1.90GHz
stepping	: 1
microcode	: 0x17
cpu MHz		: 1900.000
cache size	: 3072 KB
physical id	: 0
siblings	: 4
core id		: 1
cpu cores	: 2
apicid		: 3
initial apicid	: 3
fpu		: yes
fpu_exception	: yes
cpuid level	: 13
wp		: yes
flags		: fpu vme de pse tsc msr pae mce cx8 apic sep mtrr pge mca cmov pat pse36 clflush dts acpi mmx fxsr sse sse2 ss ht tm pbe syscall nx pdpe1gb rdtscp lm constant_tsc arch_perfmon pebs bts rep_good nopl xtopology nonstop_tsc aperfmperf eagerfpu pni pclmulqdq dtes64 monitor ds_cpl vmx smx est tm2 ssse3 fma cx16 xtpr pdcm pcid sse4_1 sse4_2 x2apic movbe popcnt tsc_deadline_timer aes xsave avx f16c rdrand lahf_lm abm ida arat epb xsaveopt pln pts dtherm tpr_shadow vnmi flexpriority ept vpid fsgsbase tsc_adjust bmi1 hle avx2 smep bmi2 erms invpcid rtm
bogomips	: 4988.47
clflush size	: 64
cache_alignment	: 64
address sizes	: 39 bits physical, 48 bits virtual
power management:



Memory: 4k page, physical 3704112k(83612k free), swap 3294204k(0k free)

vm_info: Java HotSpot(TM) 64-Bit Server VM (24.65-b04) for linux-amd64 JRE (1.7.0_67-b01), built on Jul 25 2014 09:20:21 by "java_re" with gcc 4.3.0 20080428 (Red Hat 4.3.0-8)

time: Mon Nov 24 03:33:33 2014
elapsed time: 21 seconds

